#
# There is insufficient memory for the Java Runtime Environment to continue.
# Native memory allocation (mmap) failed to map 123731968 bytes for committing reserved memory.
# Possible reasons:
#   The system is out of physical RAM or swap space
#   The process is running with CompressedOops enabled, and the Java Heap may be blocking the growth of the native heap
# Possible solutions:
#   Reduce memory load on the system
#   Increase physical memory or swap space
#   Check if swap backing store is full
#   Decrease Java heap size (-Xmx/-Xms)
#   Decrease number of Java threads
#   Decrease Java thread stack sizes (-Xss)
#   Set larger code cache with -XX:ReservedCodeCacheSize=
#   JVM is running with Unscaled Compressed Oops mode in which the Java heap is
#     placed in the first 4GB address space. The Java Heap base address is the
#     maximum limit for the native heap growth. Please use -XX:HeapBaseMinAddress
#     to set the Java Heap base and to place the Java Heap above 4GB virtual address.
# This output file may be truncated or incomplete.
#
#  Out of Memory Error (os_linux.cpp:2843), pid=40612, tid=40630
#
# JRE version: OpenJDK Runtime Environment (11.0.6+8) (build 11.0.6+8-b765.25)
# Java VM: OpenJDK 64-Bit Server VM (11.0.6+8-b765.25, mixed mode, tiered, compressed oops, g1 gc, linux-amd64)
# Core dump will be written. Default location: Core dumps may be processed with "/usr/libexec/abrt-hook-ccpp %s %c %p %u %g %t e %P %I %h" (or dumping to /home/hadoop/IdeaProjects/hadoop-train-v2/core.40612)
#

---------------  S U M M A R Y ------------

Command Line: -javaagent:/home/hadoop/app/idea-IU-193.6494.35/lib/idea_rt.jar=44865:/home/hadoop/app/idea-IU-193.6494.35/bin -Dfile.encoding=UTF-8 com.Jdai.bigdata.hadoop.mr.project.mr.HourStatApp

Host: Intel(R) Core(TM) i7-9750H CPU @ 2.60GHz, 4 cores, 3G, CentOS Linux release 7.7.1908 (Core)
Time: Sat Apr 18 23:31:37 2020 EDT elapsed time: 4 seconds (0d 0h 0m 4s)

---------------  T H R E A D  ---------------

Current thread (0x00007fc950167000):  VMThread "VM Thread" [stack: 0x00007fc934d31000,0x00007fc934e31000] [id=40630]

Stack: [0x00007fc934d31000,0x00007fc934e31000],  sp=0x00007fc934e2edf0,  free space=1015k
Native frames: (J=compiled Java code, A=aot compiled Java code, j=interpreted, Vv=VM code, C=native code)
V  [libjvm.so+0xd61c01]  VMError::report_and_die(int, char const*, char const*, __va_list_tag*, Thread*, unsigned char*, void*, void*, char const*, int, unsigned long)+0x381
V  [libjvm.so+0xd628ab]  VMError::report_and_die(Thread*, char const*, int, unsigned long, VMErrorType, char const*, __va_list_tag*)+0x2b
V  [libjvm.so+0x651295]  report_vm_out_of_memory(char const*, int, unsigned long, VMErrorType, char const*, ...)+0xc5
V  [libjvm.so+0xb6c7b8]  os::pd_commit_memory_or_exit(char*, unsigned long, unsigned long, bool, char const*)+0xd8
V  [libjvm.so+0xb6446d]  os::commit_memory_or_exit(char*, unsigned long, unsigned long, bool, char const*)+0x1d
V  [libjvm.so+0x76863c]  G1PageBasedVirtualSpace::commit_preferred_pages(unsigned long, unsigned long)+0x6c
V  [libjvm.so+0x768a1e]  G1PageBasedVirtualSpace::commit(unsigned long, unsigned long)+0x19e
V  [libjvm.so+0x771d16]  G1RegionsLargerThanCommitSizeMapper::commit_regions(unsigned int, unsigned long, WorkGang*)+0x46
V  [libjvm.so+0x7e9134]  HeapRegionManager::commit_regions(unsigned int, unsigned long, WorkGang*)+0x54
V  [libjvm.so+0x7e9d40]  HeapRegionManager::make_regions_available(unsigned int, unsigned int, WorkGang*)+0x30
V  [libjvm.so+0x7ea167]  HeapRegionManager::expand_at(unsigned int, unsigned int, WorkGang*) [clone .part.24]+0xf7
V  [libjvm.so+0x726910]  G1CollectedHeap::expand(unsigned long, WorkGang*, double*)+0xe0
V  [libjvm.so+0x72b316]  G1CollectedHeap::do_collection_pause_at_safepoint(double)+0x7b6
V  [libjvm.so+0xd6d784]  VM_G1CollectForAllocation::doit()+0xa4
V  [libjvm.so+0xd6c3b7]  VM_Operation::evaluate()+0xe7
V  [libjvm.so+0xd69a97]  VMThread::evaluate_operation(VM_Operation*) [clone .constprop.71]+0xc7
V  [libjvm.so+0xd6a158]  VMThread::loop()+0x5b8
V  [libjvm.so+0xd6a473]  VMThread::run()+0x73
V  [libjvm.so+0xcfdd14]  Thread::call_run()+0x134
V  [libjvm.so+0xb711ee]  thread_native_entry(Thread*)+0xee

VM_Operation (0x00007fc92c39eb80): G1CollectForAllocation, mode: safepoint, requested by thread 0x00007fc8dc013800


---------------  P R O C E S S  ---------------

Threads class SMR info:
_java_thread_list=0x00007fc8d007fa60, length=17, elements={
0x00007fc950016000, 0x00007fc95016f000, 0x00007fc950173000, 0x00007fc950186000,
0x00007fc950188000, 0x00007fc95018a000, 0x00007fc95018c000, 0x00007fc950252800,
0x00007fc95060a000, 0x00007fc95060b800, 0x00007fc950915000, 0x00007fc908001000,
0x00007fc950a57800, 0x00007fc950b53800, 0x00007fc8dc013800, 0x00007fc8d0014000,
0x00007fc8d0080000
}

Java Threads: ( => current thread )
  0x00007fc950016000 JavaThread "main" [_thread_blocked, id=40613, stack(0x00007fc956c01000,0x00007fc956d02000)]
  0x00007fc95016f000 JavaThread "Reference Handler" daemon [_thread_blocked, id=40631, stack(0x00007fc934c2e000,0x00007fc934d2f000)]
  0x00007fc950173000 JavaThread "Finalizer" daemon [_thread_blocked, id=40633, stack(0x00007fc934b2d000,0x00007fc934c2e000)]
  0x00007fc950186000 JavaThread "Signal Dispatcher" daemon [_thread_blocked, id=40634, stack(0x00007fc934a2c000,0x00007fc934b2d000)]
  0x00007fc950188000 JavaThread "C2 CompilerThread0" daemon [_thread_blocked, id=40635, stack(0x00007fc93492b000,0x00007fc934a2c000)]
  0x00007fc95018a000 JavaThread "C1 CompilerThread0" daemon [_thread_blocked, id=40636, stack(0x00007fc93482a000,0x00007fc93492b000)]
  0x00007fc95018c000 JavaThread "Sweeper thread" daemon [_thread_blocked, id=40637, stack(0x00007fc934729000,0x00007fc93482a000)]
  0x00007fc950252800 JavaThread "Common-Cleaner" daemon [_thread_blocked, id=40644, stack(0x00007fc934628000,0x00007fc934729000)]
  0x00007fc95060a000 JavaThread "Monitor Ctrl-Break" daemon [_thread_in_native, id=40648, stack(0x00007fc9340fe000,0x00007fc9341ff000)]
  0x00007fc95060b800 JavaThread "Service Thread" daemon [_thread_blocked, id=40649, stack(0x00007fc92deff000,0x00007fc92e000000)]
  0x00007fc950915000 JavaThread "process reaper" daemon [_thread_blocked, id=40655, stack(0x00007fc956b58000,0x00007fc956b7a000)]
  0x00007fc908001000 JavaThread "Attach Listener" daemon [_thread_blocked, id=40658, stack(0x00007fc92cfec000,0x00007fc92d0ed000)]
  0x00007fc950a57800 JavaThread "org.apache.hadoop.fs.FileSystem$Statistics$StatisticsDataReferenceCleaner" daemon [_thread_blocked, id=40660, stack(0x00007fc92c8e9000,0x00007fc92c9ea000)]
  0x00007fc950b53800 JavaThread "Thread-17" [_thread_blocked, id=40697, stack(0x00007fc92c7e8000,0x00007fc92c8e9000)]
  0x00007fc8dc013800 JavaThread "LocalJobRunner Map Task Executor #0" [_thread_blocked, id=40698, stack(0x00007fc92c2a1000,0x00007fc92c3a2000)]
  0x00007fc8d0014000 JavaThread "communication thread" daemon [_thread_blocked, id=40699, stack(0x00007fc92c1a0000,0x00007fc92c2a1000)]
  0x00007fc8d0080000 JavaThread "SpillThread" daemon [_thread_blocked, id=40707, stack(0x00007fc92c09f000,0x00007fc92c1a0000)]

Other Threads:
=>0x00007fc950167000 VMThread "VM Thread" [stack: 0x00007fc934d31000,0x00007fc934e31000] [id=40630]
  0x00007fc95060d800 WatcherThread [stack: 0x00007fc92ddff000,0x00007fc92deff000] [id=40650]
  0x00007fc950040000 GCTaskThread "GC Thread#0" [stack: 0x00007fc93c61b000,0x00007fc93c71b000] [id=40614]
  0x00007fc920001000 GCTaskThread "GC Thread#1" [stack: 0x00007fc92d8fa000,0x00007fc92d9fa000] [id=40651]
  0x00007fc920018000 GCTaskThread "GC Thread#2" [stack: 0x00007fc90d7d6000,0x00007fc90d8d6000] [id=40704]
  0x00007fc920019000 GCTaskThread "GC Thread#3" [stack: 0x00007fc90d6d4000,0x00007fc90d7d4000] [id=40705]
  0x00007fc95005a800 ConcurrentGCThread "G1 Main Marker" [stack: 0x00007fc935dbe000,0x00007fc935ebe000] [id=40615]
  0x00007fc95005c800 ConcurrentGCThread "G1 Conc#0" [stack: 0x00007fc935cbc000,0x00007fc935dbc000] [id=40616]
  0x00007fc95009e000 ConcurrentGCThread "G1 Refine#0" [stack: 0x00007fc9357b6000,0x00007fc9358b6000] [id=40617]
  0x00007fc9500a0000 ConcurrentGCThread "G1 Young RemSet Sampling" [stack: 0x00007fc9356b4000,0x00007fc9357b4000] [id=40619]

Threads with active compile tasks:
C2 CompilerThread0   4737 2398   !   4       com.Jdai.bigdata.hadoop.mr.project.utils.IPParser::analyseIp (844 bytes)

VM state:at safepoint (normal execution)

VM Mutex/Monitor currently owned by a thread:  ([mutex/lock_event])
[0x00007fc950013540] Threads_lock - owner thread: 0x00007fc950167000
[0x00007fc950013c90] Heap_lock - owner thread: 0x00007fc8dc013800

Heap address: 0x00000000c4e00000, size: 946 MB, Compressed Oops mode: 32-bit
Narrow klass base: 0x0000000000000000, Narrow klass shift: 3
Compressed class space size: 1073741824 Address: 0x0000000100000000

Heap:
 garbage-first heap   total 310272K, used 118812K [0x00000000c4e00000, 0x0000000100000000)
  region size 1024K, 3 young (3072K), 3 survivors (3072K)
 Metaspace       used 22987K, capacity 23434K, committed 23856K, reserved 1071104K
  class space    used 2458K, capacity 2647K, committed 2688K, reserved 1048576K
Heap Regions: E=young(eden), S=young(survivor), O=old, HS=humongous(starts), HC=humongous(continues), CS=collection set, F=free, A=archive, TAMS=top-at-mark-start (previous, next)
|   0|0x00000000c4e00000, 0x00000000c4f00000, 0x00000000c4f00000|100%|HS|  |TAMS 0x00000000c4f00000, 0x00000000c4f00000| Complete 
|   1|0x00000000c4f00000, 0x00000000c5000000, 0x00000000c5000000|100%|HS|  |TAMS 0x00000000c5000000, 0x00000000c5000000| Complete 
|   2|0x00000000c5000000, 0x00000000c5100000, 0x00000000c5100000|100%|HC|  |TAMS 0x00000000c5100000, 0x00000000c5100000| Complete 
|   3|0x00000000c5100000, 0x00000000c5200000, 0x00000000c5200000|100%|HC|  |TAMS 0x00000000c5200000, 0x00000000c5200000| Complete 
|   4|0x00000000c5200000, 0x00000000c5300000, 0x00000000c5300000|100%|HC|  |TAMS 0x00000000c5300000, 0x00000000c5300000| Complete 
|   5|0x00000000c5300000, 0x00000000c5400000, 0x00000000c5400000|100%| O|  |TAMS 0x00000000c5400000, 0x00000000c5400000| Untracked 
|   6|0x00000000c5400000, 0x00000000c5500000, 0x00000000c5500000|100%| O|  |TAMS 0x00000000c5500000, 0x00000000c5500000| Untracked 
|   7|0x00000000c5500000, 0x00000000c5600000, 0x00000000c5600000|100%| O|  |TAMS 0x00000000c5600000, 0x00000000c5600000| Untracked 
|   8|0x00000000c5600000, 0x00000000c5700000, 0x00000000c5700000|100%| O|  |TAMS 0x00000000c5700000, 0x00000000c5700000| Untracked 
|   9|0x00000000c5700000, 0x00000000c5800000, 0x00000000c5800000|100%| O|  |TAMS 0x00000000c5800000, 0x00000000c5800000| Untracked 
|  10|0x00000000c5800000, 0x00000000c5900000, 0x00000000c5900000|100%| O|  |TAMS 0x00000000c5900000, 0x00000000c5900000| Untracked 
|  11|0x00000000c5900000, 0x00000000c5a00000, 0x00000000c5a00000|100%| O|  |TAMS 0x00000000c5a00000, 0x00000000c5a00000| Untracked 
|  12|0x00000000c5a00000, 0x00000000c5ad8600, 0x00000000c5b00000| 84%| O|  |TAMS 0x00000000c5ad8600, 0x00000000c5ad8600| Untracked 
|  13|0x00000000c5b00000, 0x00000000c5b00000, 0x00000000c5c00000|  0%| F|  |TAMS 0x00000000c5b00000, 0x00000000c5b00000| Untracked 
|  14|0x00000000c5c00000, 0x00000000c5c00000, 0x00000000c5d00000|  0%| F|  |TAMS 0x00000000c5c00000, 0x00000000c5c00000| Untracked 
|  15|0x00000000c5d00000, 0x00000000c5d00000, 0x00000000c5e00000|  0%| F|  |TAMS 0x00000000c5d00000, 0x00000000c5d00000| Untracked 
|  16|0x00000000c5e00000, 0x00000000c5e00000, 0x00000000c5f00000|  0%| F|  |TAMS 0x00000000c5e00000, 0x00000000c5e00000| Untracked 
|  17|0x00000000c5f00000, 0x00000000c5f00000, 0x00000000c6000000|  0%| F|  |TAMS 0x00000000c5f00000, 0x00000000c5f00000| Untracked 
|  18|0x00000000c6000000, 0x00000000c6000000, 0x00000000c6100000|  0%| F|  |TAMS 0x00000000c6000000, 0x00000000c6000000| Untracked 
|  19|0x00000000c6100000, 0x00000000c6100000, 0x00000000c6200000|  0%| F|  |TAMS 0x00000000c6100000, 0x00000000c6100000| Untracked 
|  20|0x00000000c6200000, 0x00000000c6200000, 0x00000000c6300000|  0%| F|  |TAMS 0x00000000c6200000, 0x00000000c6200000| Untracked 
|  21|0x00000000c6300000, 0x00000000c6300000, 0x00000000c6400000|  0%| F|  |TAMS 0x00000000c6300000, 0x00000000c6300000| Untracked 
|  22|0x00000000c6400000, 0x00000000c6400000, 0x00000000c6500000|  0%| F|  |TAMS 0x00000000c6400000, 0x00000000c6400000| Untracked 
|  23|0x00000000c6500000, 0x00000000c6500000, 0x00000000c6600000|  0%| F|  |TAMS 0x00000000c6500000, 0x00000000c6500000| Untracked 
|  24|0x00000000c6600000, 0x00000000c6600000, 0x00000000c6700000|  0%| F|  |TAMS 0x00000000c6600000, 0x00000000c6600000| Untracked 
|  25|0x00000000c6700000, 0x00000000c6700000, 0x00000000c6800000|  0%| F|  |TAMS 0x00000000c6700000, 0x00000000c6700000| Untracked 
|  26|0x00000000c6800000, 0x00000000c6800000, 0x00000000c6900000|  0%| F|  |TAMS 0x00000000c6800000, 0x00000000c6800000| Untracked 
|  27|0x00000000c6900000, 0x00000000c6900000, 0x00000000c6a00000|  0%| F|  |TAMS 0x00000000c6900000, 0x00000000c6900000| Untracked 
|  28|0x00000000c6a00000, 0x00000000c6a00000, 0x00000000c6b00000|  0%| F|  |TAMS 0x00000000c6a00000, 0x00000000c6a00000| Untracked 
|  29|0x00000000c6b00000, 0x00000000c6b00000, 0x00000000c6c00000|  0%| F|  |TAMS 0x00000000c6b00000, 0x00000000c6b00000| Untracked 
|  30|0x00000000c6c00000, 0x00000000c6c00000, 0x00000000c6d00000|  0%| F|  |TAMS 0x00000000c6c00000, 0x00000000c6c00000| Untracked 
|  31|0x00000000c6d00000, 0x00000000c6d00000, 0x00000000c6e00000|  0%| F|  |TAMS 0x00000000c6d00000, 0x00000000c6d00000| Untracked 
|  32|0x00000000c6e00000, 0x00000000c6e00000, 0x00000000c6f00000|  0%| F|  |TAMS 0x00000000c6e00000, 0x00000000c6e00000| Untracked 
|  33|0x00000000c6f00000, 0x00000000c6f00000, 0x00000000c7000000|  0%| F|  |TAMS 0x00000000c6f00000, 0x00000000c6f00000| Untracked 
|  34|0x00000000c7000000, 0x00000000c7000000, 0x00000000c7100000|  0%| F|  |TAMS 0x00000000c7000000, 0x00000000c7000000| Untracked 
|  35|0x00000000c7100000, 0x00000000c7100000, 0x00000000c7200000|  0%| F|  |TAMS 0x00000000c7100000, 0x00000000c7100000| Untracked 
|  36|0x00000000c7200000, 0x00000000c7200000, 0x00000000c7300000|  0%| F|  |TAMS 0x00000000c7200000, 0x00000000c7200000| Untracked 
|  37|0x00000000c7300000, 0x00000000c7300000, 0x00000000c7400000|  0%| F|  |TAMS 0x00000000c7300000, 0x00000000c7300000| Untracked 
|  38|0x00000000c7400000, 0x00000000c7400000, 0x00000000c7500000|  0%| F|  |TAMS 0x00000000c7400000, 0x00000000c7400000| Untracked 
|  39|0x00000000c7500000, 0x00000000c7500000, 0x00000000c7600000|  0%| F|  |TAMS 0x00000000c7500000, 0x00000000c7500000| Untracked 
|  40|0x00000000c7600000, 0x00000000c7600000, 0x00000000c7700000|  0%| F|  |TAMS 0x00000000c7600000, 0x00000000c7600000| Untracked 
|  41|0x00000000c7700000, 0x00000000c772ea70, 0x00000000c7800000| 18%| S|CS|TAMS 0x00000000c7700000, 0x00000000c7700000| Complete 
|  42|0x00000000c7800000, 0x00000000c7800000, 0x00000000c7900000|  0%| F|  |TAMS 0x00000000c7800000, 0x00000000c7800000| Untracked 
|  43|0x00000000c7900000, 0x00000000c7900000, 0x00000000c7a00000|  0%| F|  |TAMS 0x00000000c7900000, 0x00000000c7900000| Untracked 
|  44|0x00000000c7a00000, 0x00000000c7b00000, 0x00000000c7b00000|100%| S|CS|TAMS 0x00000000c7a00000, 0x00000000c7a00000| Complete 
|  45|0x00000000c7b00000, 0x00000000c7c00000, 0x00000000c7c00000|100%| S|CS|TAMS 0x00000000c7b00000, 0x00000000c7b00000| Complete 
|  46|0x00000000c7c00000, 0x00000000c7c00000, 0x00000000c7d00000|  0%| F|  |TAMS 0x00000000c7c00000, 0x00000000c7c00000| Untracked 
|  47|0x00000000c7d00000, 0x00000000c7d00000, 0x00000000c7e00000|  0%| F|  |TAMS 0x00000000c7d00000, 0x00000000c7d00000| Untracked 
|  48|0x00000000c7e00000, 0x00000000c7e00000, 0x00000000c7f00000|  0%| F|  |TAMS 0x00000000c7e00000, 0x00000000c7e00000| Untracked 
|  49|0x00000000c7f00000, 0x00000000c7f00000, 0x00000000c8000000|  0%| F|  |TAMS 0x00000000c7f00000, 0x00000000c7f00000| Untracked 
|  50|0x00000000c8000000, 0x00000000c8000000, 0x00000000c8100000|  0%| F|  |TAMS 0x00000000c8000000, 0x00000000c8000000| Untracked 
|  51|0x00000000c8100000, 0x00000000c8100000, 0x00000000c8200000|  0%| F|  |TAMS 0x00000000c8100000, 0x00000000c8100000| Untracked 
|  52|0x00000000c8200000, 0x00000000c8200000, 0x00000000c8300000|  0%| F|  |TAMS 0x00000000c8200000, 0x00000000c8200000| Untracked 
|  53|0x00000000c8300000, 0x00000000c8300000, 0x00000000c8400000|  0%| F|  |TAMS 0x00000000c8300000, 0x00000000c8300000| Untracked 
|  54|0x00000000c8400000, 0x00000000c8400000, 0x00000000c8500000|  0%| F|  |TAMS 0x00000000c8400000, 0x00000000c8400000| Untracked 
|  55|0x00000000c8500000, 0x00000000c8500000, 0x00000000c8600000|  0%| F|  |TAMS 0x00000000c8500000, 0x00000000c8500000| Untracked 
|  56|0x00000000c8600000, 0x00000000c8600000, 0x00000000c8700000|  0%| F|  |TAMS 0x00000000c8600000, 0x00000000c8600000| Untracked 
|  57|0x00000000c8700000, 0x00000000c8700000, 0x00000000c8800000|  0%| F|  |TAMS 0x00000000c8700000, 0x00000000c8700000| Untracked 
|  58|0x00000000c8800000, 0x00000000c8800000, 0x00000000c8900000|  0%| F|  |TAMS 0x00000000c8800000, 0x00000000c8800000| Untracked 
|  59|0x00000000c8900000, 0x00000000c8900000, 0x00000000c8a00000|  0%| F|  |TAMS 0x00000000c8900000, 0x00000000c8900000| Untracked 
|  60|0x00000000c8a00000, 0x00000000c8a00000, 0x00000000c8b00000|  0%| F|  |TAMS 0x00000000c8a00000, 0x00000000c8a00000| Untracked 
|  61|0x00000000c8b00000, 0x00000000c8b00000, 0x00000000c8c00000|  0%| F|  |TAMS 0x00000000c8b00000, 0x00000000c8b00000| Untracked 
|  62|0x00000000c8c00000, 0x00000000c8c00000, 0x00000000c8d00000|  0%| F|  |TAMS 0x00000000c8c00000, 0x00000000c8c00000| Untracked 
|  63|0x00000000c8d00000, 0x00000000c8d00000, 0x00000000c8e00000|  0%| F|  |TAMS 0x00000000c8d00000, 0x00000000c8d00000| Untracked 
|  64|0x00000000c8e00000, 0x00000000c8e00000, 0x00000000c8f00000|  0%| F|  |TAMS 0x00000000c8e00000, 0x00000000c8e00000| Untracked 
|  65|0x00000000c8f00000, 0x00000000c8f00000, 0x00000000c9000000|  0%| F|  |TAMS 0x00000000c8f00000, 0x00000000c8f00000| Untracked 
|  66|0x00000000c9000000, 0x00000000c9000000, 0x00000000c9100000|  0%| F|  |TAMS 0x00000000c9000000, 0x00000000c9000000| Untracked 
|  67|0x00000000c9100000, 0x00000000c9100000, 0x00000000c9200000|  0%| F|  |TAMS 0x00000000c9100000, 0x00000000c9100000| Untracked 
|  68|0x00000000c9200000, 0x00000000c9200000, 0x00000000c9300000|  0%| F|  |TAMS 0x00000000c9200000, 0x00000000c9200000| Untracked 
|  69|0x00000000c9300000, 0x00000000c9300000, 0x00000000c9400000|  0%| F|  |TAMS 0x00000000c9300000, 0x00000000c9300000| Untracked 
|  70|0x00000000c9400000, 0x00000000c9500000, 0x00000000c9500000|100%|HS|  |TAMS 0x00000000c9500000, 0x00000000c9500000| Complete 
|  71|0x00000000c9500000, 0x00000000c9600000, 0x00000000c9600000|100%|HC|  |TAMS 0x00000000c9600000, 0x00000000c9600000| Complete 
|  72|0x00000000c9600000, 0x00000000c9700000, 0x00000000c9700000|100%|HC|  |TAMS 0x00000000c9700000, 0x00000000c9700000| Complete 
|  73|0x00000000c9700000, 0x00000000c9800000, 0x00000000c9800000|100%|HC|  |TAMS 0x00000000c9800000, 0x00000000c9800000| Complete 
|  74|0x00000000c9800000, 0x00000000c9900000, 0x00000000c9900000|100%|HC|  |TAMS 0x00000000c9900000, 0x00000000c9900000| Complete 
|  75|0x00000000c9900000, 0x00000000c9a00000, 0x00000000c9a00000|100%|HC|  |TAMS 0x00000000c9a00000, 0x00000000c9a00000| Complete 
|  76|0x00000000c9a00000, 0x00000000c9b00000, 0x00000000c9b00000|100%|HC|  |TAMS 0x00000000c9b00000, 0x00000000c9b00000| Complete 
|  77|0x00000000c9b00000, 0x00000000c9c00000, 0x00000000c9c00000|100%|HC|  |TAMS 0x00000000c9c00000, 0x00000000c9c00000| Complete 
|  78|0x00000000c9c00000, 0x00000000c9d00000, 0x00000000c9d00000|100%|HC|  |TAMS 0x00000000c9d00000, 0x00000000c9d00000| Complete 
|  79|0x00000000c9d00000, 0x00000000c9e00000, 0x00000000c9e00000|100%|HC|  |TAMS 0x00000000c9e00000, 0x00000000c9e00000| Complete 
|  80|0x00000000c9e00000, 0x00000000c9f00000, 0x00000000c9f00000|100%|HC|  |TAMS 0x00000000c9f00000, 0x00000000c9f00000| Complete 
|  81|0x00000000c9f00000, 0x00000000ca000000, 0x00000000ca000000|100%|HC|  |TAMS 0x00000000ca000000, 0x00000000ca000000| Complete 
|  82|0x00000000ca000000, 0x00000000ca100000, 0x00000000ca100000|100%|HC|  |TAMS 0x00000000ca100000, 0x00000000ca100000| Complete 
|  83|0x00000000ca100000, 0x00000000ca200000, 0x00000000ca200000|100%|HC|  |TAMS 0x00000000ca200000, 0x00000000ca200000| Complete 
|  84|0x00000000ca200000, 0x00000000ca300000, 0x00000000ca300000|100%|HC|  |TAMS 0x00000000ca300000, 0x00000000ca300000| Complete 
|  85|0x00000000ca300000, 0x00000000ca400000, 0x00000000ca400000|100%|HC|  |TAMS 0x00000000ca400000, 0x00000000ca400000| Complete 
|  86|0x00000000ca400000, 0x00000000ca500000, 0x00000000ca500000|100%|HC|  |TAMS 0x00000000ca500000, 0x00000000ca500000| Complete 
|  87|0x00000000ca500000, 0x00000000ca600000, 0x00000000ca600000|100%|HC|  |TAMS 0x00000000ca600000, 0x00000000ca600000| Complete 
|  88|0x00000000ca600000, 0x00000000ca700000, 0x00000000ca700000|100%|HC|  |TAMS 0x00000000ca700000, 0x00000000ca700000| Complete 
|  89|0x00000000ca700000, 0x00000000ca800000, 0x00000000ca800000|100%|HC|  |TAMS 0x00000000ca800000, 0x00000000ca800000| Complete 
|  90|0x00000000ca800000, 0x00000000ca900000, 0x00000000ca900000|100%|HC|  |TAMS 0x00000000ca900000, 0x00000000ca900000| Complete 
|  91|0x00000000ca900000, 0x00000000caa00000, 0x00000000caa00000|100%|HC|  |TAMS 0x00000000caa00000, 0x00000000caa00000| Complete 
|  92|0x00000000caa00000, 0x00000000cab00000, 0x00000000cab00000|100%|HC|  |TAMS 0x00000000cab00000, 0x00000000cab00000| Complete 
|  93|0x00000000cab00000, 0x00000000cac00000, 0x00000000cac00000|100%|HC|  |TAMS 0x00000000cac00000, 0x00000000cac00000| Complete 
|  94|0x00000000cac00000, 0x00000000cad00000, 0x00000000cad00000|100%|HC|  |TAMS 0x00000000cad00000, 0x00000000cad00000| Complete 
|  95|0x00000000cad00000, 0x00000000cae00000, 0x00000000cae00000|100%|HC|  |TAMS 0x00000000cae00000, 0x00000000cae00000| Complete 
|  96|0x00000000cae00000, 0x00000000caf00000, 0x00000000caf00000|100%|HC|  |TAMS 0x00000000caf00000, 0x00000000caf00000| Complete 
|  97|0x00000000caf00000, 0x00000000cb000000, 0x00000000cb000000|100%|HC|  |TAMS 0x00000000cb000000, 0x00000000cb000000| Complete 
|  98|0x00000000cb000000, 0x00000000cb100000, 0x00000000cb100000|100%|HC|  |TAMS 0x00000000cb100000, 0x00000000cb100000| Complete 
|  99|0x00000000cb100000, 0x00000000cb200000, 0x00000000cb200000|100%|HC|  |TAMS 0x00000000cb200000, 0x00000000cb200000| Complete 
| 100|0x00000000cb200000, 0x00000000cb300000, 0x00000000cb300000|100%|HC|  |TAMS 0x00000000cb300000, 0x00000000cb300000| Complete 
| 101|0x00000000cb300000, 0x00000000cb400000, 0x00000000cb400000|100%|HC|  |TAMS 0x00000000cb400000, 0x00000000cb400000| Complete 
| 102|0x00000000cb400000, 0x00000000cb500000, 0x00000000cb500000|100%|HC|  |TAMS 0x00000000cb500000, 0x00000000cb500000| Complete 
| 103|0x00000000cb500000, 0x00000000cb600000, 0x00000000cb600000|100%|HC|  |TAMS 0x00000000cb600000, 0x00000000cb600000| Complete 
| 104|0x00000000cb600000, 0x00000000cb700000, 0x00000000cb700000|100%|HC|  |TAMS 0x00000000cb700000, 0x00000000cb700000| Complete 
| 105|0x00000000cb700000, 0x00000000cb800000, 0x00000000cb800000|100%|HC|  |TAMS 0x00000000cb800000, 0x00000000cb800000| Complete 
| 106|0x00000000cb800000, 0x00000000cb900000, 0x00000000cb900000|100%|HC|  |TAMS 0x00000000cb900000, 0x00000000cb900000| Complete 
| 107|0x00000000cb900000, 0x00000000cba00000, 0x00000000cba00000|100%|HC|  |TAMS 0x00000000cba00000, 0x00000000cba00000| Complete 
| 108|0x00000000cba00000, 0x00000000cbb00000, 0x00000000cbb00000|100%|HC|  |TAMS 0x00000000cbb00000, 0x00000000cbb00000| Complete 
| 109|0x00000000cbb00000, 0x00000000cbc00000, 0x00000000cbc00000|100%|HC|  |TAMS 0x00000000cbc00000, 0x00000000cbc00000| Complete 
| 110|0x00000000cbc00000, 0x00000000cbd00000, 0x00000000cbd00000|100%|HC|  |TAMS 0x00000000cbd00000, 0x00000000cbd00000| Complete 
| 111|0x00000000cbd00000, 0x00000000cbe00000, 0x00000000cbe00000|100%|HC|  |TAMS 0x00000000cbe00000, 0x00000000cbe00000| Complete 
| 112|0x00000000cbe00000, 0x00000000cbf00000, 0x00000000cbf00000|100%|HC|  |TAMS 0x00000000cbf00000, 0x00000000cbf00000| Complete 
| 113|0x00000000cbf00000, 0x00000000cc000000, 0x00000000cc000000|100%|HC|  |TAMS 0x00000000cc000000, 0x00000000cc000000| Complete 
| 114|0x00000000cc000000, 0x00000000cc100000, 0x00000000cc100000|100%|HC|  |TAMS 0x00000000cc100000, 0x00000000cc100000| Complete 
| 115|0x00000000cc100000, 0x00000000cc200000, 0x00000000cc200000|100%|HC|  |TAMS 0x00000000cc200000, 0x00000000cc200000| Complete 
| 116|0x00000000cc200000, 0x00000000cc300000, 0x00000000cc300000|100%|HC|  |TAMS 0x00000000cc300000, 0x00000000cc300000| Complete 
| 117|0x00000000cc300000, 0x00000000cc400000, 0x00000000cc400000|100%|HC|  |TAMS 0x00000000cc400000, 0x00000000cc400000| Complete 
| 118|0x00000000cc400000, 0x00000000cc500000, 0x00000000cc500000|100%|HC|  |TAMS 0x00000000cc500000, 0x00000000cc500000| Complete 
| 119|0x00000000cc500000, 0x00000000cc600000, 0x00000000cc600000|100%|HC|  |TAMS 0x00000000cc600000, 0x00000000cc600000| Complete 
| 120|0x00000000cc600000, 0x00000000cc700000, 0x00000000cc700000|100%|HC|  |TAMS 0x00000000cc700000, 0x00000000cc700000| Complete 
| 121|0x00000000cc700000, 0x00000000cc800000, 0x00000000cc800000|100%|HC|  |TAMS 0x00000000cc800000, 0x00000000cc800000| Complete 
| 122|0x00000000cc800000, 0x00000000cc900000, 0x00000000cc900000|100%|HC|  |TAMS 0x00000000cc900000, 0x00000000cc900000| Complete 
| 123|0x00000000cc900000, 0x00000000cca00000, 0x00000000cca00000|100%|HC|  |TAMS 0x00000000cca00000, 0x00000000cca00000| Complete 
| 124|0x00000000cca00000, 0x00000000ccb00000, 0x00000000ccb00000|100%|HC|  |TAMS 0x00000000ccb00000, 0x00000000ccb00000| Complete 
| 125|0x00000000ccb00000, 0x00000000ccc00000, 0x00000000ccc00000|100%|HC|  |TAMS 0x00000000ccc00000, 0x00000000ccc00000| Complete 
| 126|0x00000000ccc00000, 0x00000000ccd00000, 0x00000000ccd00000|100%|HC|  |TAMS 0x00000000ccd00000, 0x00000000ccd00000| Complete 
| 127|0x00000000ccd00000, 0x00000000cce00000, 0x00000000cce00000|100%|HC|  |TAMS 0x00000000cce00000, 0x00000000cce00000| Complete 
| 128|0x00000000cce00000, 0x00000000ccf00000, 0x00000000ccf00000|100%|HC|  |TAMS 0x00000000ccf00000, 0x00000000ccf00000| Complete 
| 129|0x00000000ccf00000, 0x00000000cd000000, 0x00000000cd000000|100%|HC|  |TAMS 0x00000000cd000000, 0x00000000cd000000| Complete 
| 130|0x00000000cd000000, 0x00000000cd100000, 0x00000000cd100000|100%|HC|  |TAMS 0x00000000cd100000, 0x00000000cd100000| Complete 
| 131|0x00000000cd100000, 0x00000000cd200000, 0x00000000cd200000|100%|HC|  |TAMS 0x00000000cd200000, 0x00000000cd200000| Complete 
| 132|0x00000000cd200000, 0x00000000cd300000, 0x00000000cd300000|100%|HC|  |TAMS 0x00000000cd300000, 0x00000000cd300000| Complete 
| 133|0x00000000cd300000, 0x00000000cd400000, 0x00000000cd400000|100%|HC|  |TAMS 0x00000000cd400000, 0x00000000cd400000| Complete 
| 134|0x00000000cd400000, 0x00000000cd500000, 0x00000000cd500000|100%|HC|  |TAMS 0x00000000cd500000, 0x00000000cd500000| Complete 
| 135|0x00000000cd500000, 0x00000000cd600000, 0x00000000cd600000|100%|HC|  |TAMS 0x00000000cd600000, 0x00000000cd600000| Complete 
| 136|0x00000000cd600000, 0x00000000cd700000, 0x00000000cd700000|100%|HC|  |TAMS 0x00000000cd700000, 0x00000000cd700000| Complete 
| 137|0x00000000cd700000, 0x00000000cd800000, 0x00000000cd800000|100%|HC|  |TAMS 0x00000000cd800000, 0x00000000cd800000| Complete 
| 138|0x00000000cd800000, 0x00000000cd900000, 0x00000000cd900000|100%|HC|  |TAMS 0x00000000cd900000, 0x00000000cd900000| Complete 
| 139|0x00000000cd900000, 0x00000000cda00000, 0x00000000cda00000|100%|HC|  |TAMS 0x00000000cda00000, 0x00000000cda00000| Complete 
| 140|0x00000000cda00000, 0x00000000cdb00000, 0x00000000cdb00000|100%|HC|  |TAMS 0x00000000cdb00000, 0x00000000cdb00000| Complete 
| 141|0x00000000cdb00000, 0x00000000cdc00000, 0x00000000cdc00000|100%|HC|  |TAMS 0x00000000cdc00000, 0x00000000cdc00000| Complete 
| 142|0x00000000cdc00000, 0x00000000cdd00000, 0x00000000cdd00000|100%|HC|  |TAMS 0x00000000cdd00000, 0x00000000cdd00000| Complete 
| 143|0x00000000cdd00000, 0x00000000cde00000, 0x00000000cde00000|100%|HC|  |TAMS 0x00000000cde00000, 0x00000000cde00000| Complete 
| 144|0x00000000cde00000, 0x00000000cdf00000, 0x00000000cdf00000|100%|HC|  |TAMS 0x00000000cdf00000, 0x00000000cdf00000| Complete 
| 145|0x00000000cdf00000, 0x00000000ce000000, 0x00000000ce000000|100%|HC|  |TAMS 0x00000000ce000000, 0x00000000ce000000| Complete 
| 146|0x00000000ce000000, 0x00000000ce100000, 0x00000000ce100000|100%|HC|  |TAMS 0x00000000ce100000, 0x00000000ce100000| Complete 
| 147|0x00000000ce100000, 0x00000000ce200000, 0x00000000ce200000|100%|HC|  |TAMS 0x00000000ce200000, 0x00000000ce200000| Complete 
| 148|0x00000000ce200000, 0x00000000ce300000, 0x00000000ce300000|100%|HC|  |TAMS 0x00000000ce300000, 0x00000000ce300000| Complete 
| 149|0x00000000ce300000, 0x00000000ce400000, 0x00000000ce400000|100%|HC|  |TAMS 0x00000000ce400000, 0x00000000ce400000| Complete 
| 150|0x00000000ce400000, 0x00000000ce500000, 0x00000000ce500000|100%|HC|  |TAMS 0x00000000ce500000, 0x00000000ce500000| Complete 
| 151|0x00000000ce500000, 0x00000000ce600000, 0x00000000ce600000|100%|HC|  |TAMS 0x00000000ce600000, 0x00000000ce600000| Complete 
| 152|0x00000000ce600000, 0x00000000ce700000, 0x00000000ce700000|100%|HC|  |TAMS 0x00000000ce700000, 0x00000000ce700000| Complete 
| 153|0x00000000ce700000, 0x00000000ce800000, 0x00000000ce800000|100%|HC|  |TAMS 0x00000000ce800000, 0x00000000ce800000| Complete 
| 154|0x00000000ce800000, 0x00000000ce900000, 0x00000000ce900000|100%|HC|  |TAMS 0x00000000ce900000, 0x00000000ce900000| Complete 
| 155|0x00000000ce900000, 0x00000000cea00000, 0x00000000cea00000|100%|HC|  |TAMS 0x00000000cea00000, 0x00000000cea00000| Complete 
| 156|0x00000000cea00000, 0x00000000ceb00000, 0x00000000ceb00000|100%|HC|  |TAMS 0x00000000ceb00000, 0x00000000ceb00000| Complete 
| 157|0x00000000ceb00000, 0x00000000cec00000, 0x00000000cec00000|100%|HC|  |TAMS 0x00000000cec00000, 0x00000000cec00000| Complete 
| 158|0x00000000cec00000, 0x00000000ced00000, 0x00000000ced00000|100%|HC|  |TAMS 0x00000000ced00000, 0x00000000ced00000| Complete 
| 159|0x00000000ced00000, 0x00000000cee00000, 0x00000000cee00000|100%|HC|  |TAMS 0x00000000cee00000, 0x00000000cee00000| Complete 
| 160|0x00000000cee00000, 0x00000000cef00000, 0x00000000cef00000|100%|HC|  |TAMS 0x00000000cef00000, 0x00000000cef00000| Complete 
| 161|0x00000000cef00000, 0x00000000cf000000, 0x00000000cf000000|100%|HC|  |TAMS 0x00000000cf000000, 0x00000000cf000000| Complete 
| 162|0x00000000cf000000, 0x00000000cf100000, 0x00000000cf100000|100%|HC|  |TAMS 0x00000000cf100000, 0x00000000cf100000| Complete 
| 163|0x00000000cf100000, 0x00000000cf200000, 0x00000000cf200000|100%|HC|  |TAMS 0x00000000cf200000, 0x00000000cf200000| Complete 
| 164|0x00000000cf200000, 0x00000000cf300000, 0x00000000cf300000|100%|HC|  |TAMS 0x00000000cf300000, 0x00000000cf300000| Complete 
| 165|0x00000000cf300000, 0x00000000cf400000, 0x00000000cf400000|100%|HC|  |TAMS 0x00000000cf400000, 0x00000000cf400000| Complete 
| 166|0x00000000cf400000, 0x00000000cf500000, 0x00000000cf500000|100%|HC|  |TAMS 0x00000000cf500000, 0x00000000cf500000| Complete 
| 167|0x00000000cf500000, 0x00000000cf600000, 0x00000000cf600000|100%|HC|  |TAMS 0x00000000cf600000, 0x00000000cf600000| Complete 
| 168|0x00000000cf600000, 0x00000000cf700000, 0x00000000cf700000|100%|HC|  |TAMS 0x00000000cf700000, 0x00000000cf700000| Complete 
| 169|0x00000000cf700000, 0x00000000cf800000, 0x00000000cf800000|100%|HC|  |TAMS 0x00000000cf800000, 0x00000000cf800000| Complete 
| 170|0x00000000cf800000, 0x00000000cf900000, 0x00000000cf900000|100%|HC|  |TAMS 0x00000000cf900000, 0x00000000cf900000| Complete 
| 171|0x00000000cf900000, 0x00000000cf900000, 0x00000000cfa00000|  0%| F|  |TAMS 0x00000000cf900000, 0x00000000cf900000| Untracked 
| 172|0x00000000cfa00000, 0x00000000cfa00000, 0x00000000cfb00000|  0%| F|  |TAMS 0x00000000cfa00000, 0x00000000cfa00000| Untracked 
| 173|0x00000000cfb00000, 0x00000000cfb00000, 0x00000000cfc00000|  0%| F|  |TAMS 0x00000000cfb00000, 0x00000000cfb00000| Untracked 
| 174|0x00000000cfc00000, 0x00000000cfc00000, 0x00000000cfd00000|  0%| F|  |TAMS 0x00000000cfc00000, 0x00000000cfc00000| Untracked 
| 175|0x00000000cfd00000, 0x00000000cfd00000, 0x00000000cfe00000|  0%| F|  |TAMS 0x00000000cfd00000, 0x00000000cfd00000| Untracked 
| 176|0x00000000cfe00000, 0x00000000cfe00000, 0x00000000cff00000|  0%| F|  |TAMS 0x00000000cfe00000, 0x00000000cfe00000| Untracked 
| 177|0x00000000cff00000, 0x00000000cff00000, 0x00000000d0000000|  0%| F|  |TAMS 0x00000000cff00000, 0x00000000cff00000| Untracked 
| 178|0x00000000d0000000, 0x00000000d0000000, 0x00000000d0100000|  0%| F|  |TAMS 0x00000000d0000000, 0x00000000d0000000| Untracked 
| 179|0x00000000d0100000, 0x00000000d0100000, 0x00000000d0200000|  0%| F|  |TAMS 0x00000000d0100000, 0x00000000d0100000| Untracked 
| 180|0x00000000d0200000, 0x00000000d0200000, 0x00000000d0300000|  0%| F|  |TAMS 0x00000000d0200000, 0x00000000d0200000| Untracked 
| 181|0x00000000d0300000, 0x00000000d0300000, 0x00000000d0400000|  0%| F|  |TAMS 0x00000000d0300000, 0x00000000d0300000| Untracked 
| 182|0x00000000d0400000, 0x00000000d0400000, 0x00000000d0500000|  0%| F|  |TAMS 0x00000000d0400000, 0x00000000d0400000| Untracked 
| 183|0x00000000d0500000, 0x00000000d0500000, 0x00000000d0600000|  0%| F|  |TAMS 0x00000000d0500000, 0x00000000d0500000| Untracked 
| 184|0x00000000d0600000, 0x00000000d0600000, 0x00000000d0700000|  0%| F|  |TAMS 0x00000000d0600000, 0x00000000d0600000| Untracked 

Card table byte_map: [0x00007fc937e27000,0x00007fc938000000] _byte_map_base: 0x00007fc937800000

Marking Bits (Prev, Next): (CMBitMap*) 0x00007fc950055e40, (CMBitMap*) 0x00007fc950055e08
 Prev Bits: [0x00007fc935ebe000, 0x00007fc936d86000)
 Next Bits: [0x00007fc936d86000, 0x00007fc937c4e000)

Polling page: 0x00007fc956d19000

Metaspace:

Usage:
  Non-class:     20.30 MB capacity,    20.05 MB ( 99%) used,   209.04 KB (  1%) free+waste,    48.38 KB ( <1%) overhead. 
      Class:      2.58 MB capacity,     2.40 MB ( 93%) used,   166.16 KB (  6%) free+waste,    22.56 KB ( <1%) overhead. 
       Both:     22.88 MB capacity,    22.45 MB ( 98%) used,   375.20 KB (  2%) free+waste,    70.94 KB ( <1%) overhead. 

Virtual space:
  Non-class space:       22.00 MB reserved,      20.67 MB ( 94%) committed 
      Class space:        1.00 GB reserved,       2.62 MB ( <1%) committed 
             Both:        1.02 GB reserved,      23.30 MB (  2%) committed 

Chunk freelists:
   Non-Class:  229.00 KB
       Class:  9.00 KB
        Both:  238.00 KB

MaxMetaspaceSize: unlimited
CompressedClassSpaceSize: 1.00 GB

CodeHeap 'non-profiled nmethods': size=120032Kb used=1184Kb max_used=1184Kb free=118847Kb
 bounds [0x00007fc9443b9000, 0x00007fc944629000, 0x00007fc94b8f1000]
CodeHeap 'profiled nmethods': size=120032Kb used=4349Kb max_used=4349Kb free=115682Kb
 bounds [0x00007fc93ce81000, 0x00007fc93d2d1000, 0x00007fc9443b9000]
CodeHeap 'non-nmethods': size=5696Kb used=1156Kb max_used=1175Kb free=4539Kb
 bounds [0x00007fc93c8f1000, 0x00007fc93cb61000, 0x00007fc93ce81000]
 total_blobs=3733 nmethods=2162 adapters=429
 compilation: enabled
              stopped_count=0, restarted_count=0
 full_count=0

Compilation events (20 events):
Event: 4.336 Thread 0x00007fc950188000 nmethod 2384 0x00007fc9444d7610 code [0x00007fc9444d77c0, 0x00007fc9444d8098]
Event: 4.336 Thread 0x00007fc950188000 2385   !   4       org.apache.hadoop.io.Text::set (38 bytes)
Event: 4.340 Thread 0x00007fc950188000 nmethod 2385 0x00007fc9444d8390 code [0x00007fc9444d8540, 0x00007fc9444d8728]
Event: 4.341 Thread 0x00007fc950188000 2386       4       java.io.DataOutputStream::writeLong (118 bytes)
Event: 4.343 Thread 0x00007fc950188000 nmethod 2386 0x00007fc9444d8890 code [0x00007fc9444d8a40, 0x00007fc9444d8be8]
Event: 4.343 Thread 0x00007fc950188000 2387       4       org.apache.hadoop.mapreduce.lib.map.WrappedMapper$Context::getCurrentKey (10 bytes)
Event: 4.345 Thread 0x00007fc950188000 nmethod 2387 0x00007fc9444d8d90 code [0x00007fc9444d8f40, 0x00007fc9444d9038]
Event: 4.345 Thread 0x00007fc950188000 2388       4       org.apache.hadoop.mapreduce.task.MapContextImpl::getCurrentKey (8 bytes)
Event: 4.346 Thread 0x00007fc950188000 nmethod 2388 0x00007fc9444d9190 code [0x00007fc9444d9340, 0x00007fc9444d93f8]
Event: 4.346 Thread 0x00007fc950188000 2389       4       org.apache.hadoop.mapred.MapTask$NewTrackingRecordReader::getCurrentKey (8 bytes)
Event: 4.347 Thread 0x00007fc950188000 nmethod 2389 0x00007fc9444d9510 code [0x00007fc9444d96a0, 0x00007fc9444d9738]
Event: 4.458 Thread 0x00007fc950188000 2390       4       org.apache.hadoop.mapreduce.lib.map.WrappedMapper$Context::getCurrentValue (10 bytes)
Event: 4.485 Thread 0x00007fc950188000 nmethod 2390 0x00007fc9444d9810 code [0x00007fc9444d99c0, 0x00007fc9444d9ab8]
Event: 4.495 Thread 0x00007fc950188000 2394       4       com.Jdai.bigdata.hadoop.mr.project.mr.HourStatApp$MyMapper::map (14 bytes)
Event: 4.555 Thread 0x00007fc950188000 nmethod 2394 0x00007fc9444d9c10 code [0x00007fc9444da020, 0x00007fc9444db9c0]
Event: 4.562 Thread 0x00007fc950188000 2395       4       com.Jdai.bigdata.hadoop.mr.project.mr.HourStatApp$MyMapper::map (49 bytes)
Event: 4.607 Thread 0x00007fc950188000 nmethod 2395 0x00007fc9444dd390 code [0x00007fc9444dd7a0, 0x00007fc9444df0c0]
Event: 4.607 Thread 0x00007fc950188000 2403       4       org.apache.hadoop.io.Text::write (24 bytes)
Event: 4.621 Thread 0x00007fc950188000 nmethod 2403 0x00007fc9444e0a10 code [0x00007fc9444e0bc0, 0x00007fc9444e1038]
Event: 4.622 Thread 0x00007fc950188000 2398   !   4       com.Jdai.bigdata.hadoop.mr.project.utils.IPParser::analyseIp (844 bytes)

GC Heap History (19 events):
Event: 0.492 GC heap before
{Heap before GC invocations=0 (full 0):
 garbage-first heap   total 61440K, used 18432K [0x00000000c4e00000, 0x0000000100000000)
  region size 1024K, 14 young (14336K), 0 survivors (0K)
 Metaspace       used 9874K, capacity 10039K, committed 10368K, reserved 1058816K
  class space    used 988K, capacity 1070K, committed 1152K, reserved 1048576K
}
Event: 0.504 GC heap after
{Heap after GC invocations=1 (full 0):
 garbage-first heap   total 61440K, used 10188K [0x00000000c4e00000, 0x0000000100000000)
  region size 1024K, 2 young (2048K), 2 survivors (2048K)
 Metaspace       used 9874K, capacity 10039K, committed 10368K, reserved 1058816K
  class space    used 988K, capacity 1070K, committed 1152K, reserved 1048576K
}
Event: 0.798 GC heap before
{Heap before GC invocations=1 (full 0):
 garbage-first heap   total 61440K, used 22476K [0x00000000c4e00000, 0x0000000100000000)
  region size 1024K, 14 young (14336K), 2 survivors (2048K)
 Metaspace       used 13329K, capacity 13624K, committed 13824K, reserved 1060864K
  class space    used 1385K, capacity 1509K, committed 1536K, reserved 1048576K
}
Event: 0.806 GC heap after
{Heap after GC invocations=2 (full 0):
 garbage-first heap   total 61440K, used 11163K [0x00000000c4e00000, 0x0000000100000000)
  region size 1024K, 1 young (1024K), 1 survivors (1024K)
 Metaspace       used 13329K, capacity 13624K, committed 13824K, reserved 1060864K
  class space    used 1385K, capacity 1509K, committed 1536K, reserved 1048576K
}
Event: 1.121 GC heap before
{Heap before GC invocations=2 (full 0):
 garbage-first heap   total 61440K, used 31643K [0x00000000c4e00000, 0x0000000100000000)
  region size 1024K, 21 young (21504K), 1 survivors (1024K)
 Metaspace       used 18029K, capacity 18445K, committed 18816K, reserved 1067008K
  class space    used 1926K, capacity 2115K, committed 2176K, reserved 1048576K
}
Event: 1.129 GC heap after
{Heap after GC invocations=3 (full 0):
 garbage-first heap   total 61440K, used 12357K [0x00000000c4e00000, 0x0000000100000000)
  region size 1024K, 3 young (3072K), 3 survivors (3072K)
 Metaspace       used 18029K, capacity 18445K, committed 18816K, reserved 1067008K
  class space    used 1926K, capacity 2115K, committed 2176K, reserved 1048576K
}
Event: 1.431 GC heap before
{Heap before GC invocations=3 (full 0):
 garbage-first heap   total 61440K, used 24645K [0x00000000c4e00000, 0x0000000100000000)
  region size 1024K, 16 young (16384K), 3 survivors (3072K)
 Metaspace       used 20586K, capacity 20969K, committed 21296K, reserved 1069056K
  class space    used 2208K, capacity 2380K, committed 2432K, reserved 1048576K
}
Event: 1.446 GC heap after
{Heap after GC invocations=4 (full 0):
 garbage-first heap   total 61440K, used 13593K [0x00000000c4e00000, 0x0000000100000000)
  region size 1024K, 3 young (3072K), 3 survivors (3072K)
 Metaspace       used 20586K, capacity 20969K, committed 21296K, reserved 1069056K
  class space    used 2208K, capacity 2380K, committed 2432K, reserved 1048576K
}
Event: 1.730 GC heap before
{Heap before GC invocations=5 (full 0):
 garbage-first heap   total 61440K, used 36121K [0x00000000c4e00000, 0x0000000100000000)
  region size 1024K, 25 young (25600K), 3 survivors (3072K)
 Metaspace       used 21623K, capacity 22078K, committed 22448K, reserved 1069056K
  class space    used 2323K, capacity 2515K, committed 2560K, reserved 1048576K
}
Event: 1.747 GC heap after
{Heap after GC invocations=6 (full 0):
 garbage-first heap   total 86016K, used 14565K [0x00000000c4e00000, 0x0000000100000000)
  region size 1024K, 3 young (3072K), 3 survivors (3072K)
 Metaspace       used 21623K, capacity 22078K, committed 22448K, reserved 1069056K
  class space    used 2323K, capacity 2515K, committed 2560K, reserved 1048576K
}
Event: 1.901 GC heap before
{Heap before GC invocations=6 (full 0):
 garbage-first heap   total 86016K, used 27877K [0x00000000c4e00000, 0x0000000100000000)
  region size 1024K, 17 young (17408K), 3 survivors (3072K)
 Metaspace       used 22621K, capacity 23049K, committed 23344K, reserved 1071104K
  class space    used 2437K, capacity 2647K, committed 2688K, reserved 1048576K
}
Event: 1.922 GC heap after
{Heap after GC invocations=7 (full 0):
 garbage-first heap   total 86016K, used 15060K [0x00000000c4e00000, 0x0000000100000000)
  region size 1024K, 3 young (3072K), 3 survivors (3072K)
 Metaspace       used 22621K, capacity 23049K, committed 23344K, reserved 1071104K
  class space    used 2437K, capacity 2647K, committed 2688K, reserved 1048576K
}
Event: 2.861 GC heap before
{Heap before GC invocations=8 (full 0):
 garbage-first heap   total 189440K, used 155348K [0x00000000c4e00000, 0x0000000100000000)
  region size 1024K, 39 young (39936K), 3 survivors (3072K)
 Metaspace       used 22973K, capacity 23434K, committed 23856K, reserved 1071104K
  class space    used 2456K, capacity 2647K, committed 2688K, reserved 1048576K
}
Event: 2.878 GC heap after
{Heap after GC invocations=9 (full 0):
 garbage-first heap   total 189440K, used 118519K [0x00000000c4e00000, 0x0000000100000000)
  region size 1024K, 2 young (2048K), 2 survivors (2048K)
 Metaspace       used 22973K, capacity 23434K, committed 23856K, reserved 1071104K
  class space    used 2456K, capacity 2647K, committed 2688K, reserved 1048576K
}
Event: 3.785 GC heap before
{Heap before GC invocations=9 (full 0):
 garbage-first heap   total 189440K, used 156407K [0x00000000c4e00000, 0x0000000100000000)
  region size 1024K, 39 young (39936K), 2 survivors (2048K)
 Metaspace       used 22987K, capacity 23434K, committed 23856K, reserved 1071104K
  class space    used 2458K, capacity 2647K, committed 2688K, reserved 1048576K
}
Event: 3.788 GC heap after
{Heap after GC invocations=10 (full 0):
 garbage-first heap   total 189440K, used 118619K [0x00000000c4e00000, 0x0000000100000000)
  region size 1024K, 2 young (2048K), 2 survivors (2048K)
 Metaspace       used 22987K, capacity 23434K, committed 23856K, reserved 1071104K
  class space    used 2458K, capacity 2647K, committed 2688K, reserved 1048576K
}
Event: 4.064 GC heap before
{Heap before GC invocations=11 (full 0):
 garbage-first heap   total 189440K, used 157531K [0x00000000c4e00000, 0x0000000100000000)
  region size 1024K, 40 young (40960K), 2 survivors (2048K)
 Metaspace       used 22987K, capacity 23434K, committed 23856K, reserved 1071104K
  class space    used 2458K, capacity 2647K, committed 2688K, reserved 1048576K
}
Event: 4.186 GC heap after
{Heap after GC invocations=12 (full 0):
 garbage-first heap   total 189440K, used 118625K [0x00000000c4e00000, 0x0000000100000000)
  region size 1024K, 2 young (2048K), 2 survivors (2048K)
 Metaspace       used 22987K, capacity 23434K, committed 23856K, reserved 1071104K
  class space    used 2458K, capacity 2647K, committed 2688K, reserved 1048576K
}
Event: 4.638 GC heap before
{Heap before GC invocations=12 (full 0):
 garbage-first heap   total 189440K, used 157537K [0x00000000c4e00000, 0x0000000100000000)
  region size 1024K, 40 young (40960K), 2 survivors (2048K)
 Metaspace       used 22987K, capacity 23434K, committed 23856K, reserved 1071104K
  class space    used 2458K, capacity 2647K, committed 2688K, reserved 1048576K
}

Deoptimization events (20 events):
Event: 3.012 Thread 0x00007fc8dc013800 DEOPT PACKING pc=0x00007fc93d2bfa54 sp=0x00007fc92c3a0130
Event: 3.012 Thread 0x00007fc8dc013800 DEOPT UNPACKING pc=0x00007fc93c9194ba sp=0x00007fc92c39f678 mode 0
Event: 3.019 Thread 0x00007fc8dc013800 DEOPT PACKING pc=0x00007fc93d2bfa54 sp=0x00007fc92c3a0130
Event: 3.019 Thread 0x00007fc8dc013800 DEOPT UNPACKING pc=0x00007fc93c9194ba sp=0x00007fc92c39f678 mode 0
Event: 3.020 Thread 0x00007fc8dc013800 DEOPT PACKING pc=0x00007fc93d2bfa54 sp=0x00007fc92c3a0130
Event: 3.020 Thread 0x00007fc8dc013800 DEOPT UNPACKING pc=0x00007fc93c9194ba sp=0x00007fc92c39f678 mode 0
Event: 3.020 Thread 0x00007fc8dc013800 DEOPT PACKING pc=0x00007fc93d2be74f sp=0x00007fc92c3a0160
Event: 3.020 Thread 0x00007fc8dc013800 DEOPT UNPACKING pc=0x00007fc93c9194ba sp=0x00007fc92c39f620 mode 0
Event: 3.023 Thread 0x00007fc8dc013800 DEOPT PACKING pc=0x00007fc93d2bfa54 sp=0x00007fc92c3a0130
Event: 3.023 Thread 0x00007fc8dc013800 DEOPT UNPACKING pc=0x00007fc93c9194ba sp=0x00007fc92c39f678 mode 0
Event: 3.024 Thread 0x00007fc8dc013800 DEOPT PACKING pc=0x00007fc93d2bfa54 sp=0x00007fc92c3a0130
Event: 3.024 Thread 0x00007fc8dc013800 DEOPT UNPACKING pc=0x00007fc93c9194ba sp=0x00007fc92c39f678 mode 0
Event: 3.350 Thread 0x00007fc8dc013800 DEOPT PACKING pc=0x00007fc93d2bfa54 sp=0x00007fc92c3a0130
Event: 3.351 Thread 0x00007fc8dc013800 DEOPT UNPACKING pc=0x00007fc93c9194ba sp=0x00007fc92c39f678 mode 0
Event: 3.403 Thread 0x00007fc8dc013800 DEOPT PACKING pc=0x00007fc93d2bfa54 sp=0x00007fc92c3a0130
Event: 3.403 Thread 0x00007fc8dc013800 DEOPT UNPACKING pc=0x00007fc93c9194ba sp=0x00007fc92c39f678 mode 0
Event: 3.449 Thread 0x00007fc8dc013800 DEOPT PACKING pc=0x00007fc93d2bfa54 sp=0x00007fc92c3a0130
Event: 3.449 Thread 0x00007fc8dc013800 DEOPT UNPACKING pc=0x00007fc93c9194ba sp=0x00007fc92c39f678 mode 0
Event: 3.457 Thread 0x00007fc8dc013800 DEOPT PACKING pc=0x00007fc93d2bfa54 sp=0x00007fc92c3a0130
Event: 3.457 Thread 0x00007fc8dc013800 DEOPT UNPACKING pc=0x00007fc93c9194ba sp=0x00007fc92c39f678 mode 0

Classes redefined (0 events):
No events

Internal exceptions (20 events):
Event: 0.635 Thread 0x00007fc950016000 Exception <a 'java/lang/ClassNotFoundException'{0x00000000c853d5b0}: sun/security/util/spi/ResourcesProvider> (0x00000000c853d5b0) thrown at [/opt/buildAgent/work/1eae4dac1d648407/src/hotspot/share/classfile/systemDictionary.cpp, line 231]
Event: 0.663 Thread 0x00007fc950016000 Exception <a 'java/lang/NoSuchMethodError'{0x00000000c8330830}: 'int java.lang.invoke.DirectMethodHandle$Holder.invokeSpecialIFC(java.lang.Object, java.lang.Object, int)'> (0x00000000c8330830) thrown at [/opt/buildAgent/work/1eae4dac1d648407/src/hotspot/s
Event: 0.674 Thread 0x00007fc950016000 Exception <a 'java/lang/NoSuchMethodError'{0x00000000c83dd138}: 'java.lang.Object java.lang.invoke.DirectMethodHandle$Holder.invokeSpecial(java.lang.Object, java.lang.Object, int, int, java.lang.Object, java.lang.Object, java.lang.Object, java.lang.Object
Event: 0.674 Thread 0x00007fc950016000 Exception <a 'java/lang/NoSuchMethodError'{0x00000000c83e0870}: 'java.lang.Object java.lang.invoke.DelegatingMethodHandle$Holder.reinvoke_L(java.lang.Object, int, int, java.lang.Object, java.lang.Object, java.lang.Object, java.lang.Object)'> (0x00000000c8
Event: 0.677 Thread 0x00007fc950016000 Exception <a 'java/lang/NoSuchMethodError'{0x00000000c820bbb8}: 'java.lang.Object java.lang.invoke.DirectMethodHandle$Holder.invokeStatic(java.lang.Object, java.lang.Object, java.lang.Object, java.lang.Object, java.lang.Object, java.lang.Object, java.lang
Event: 0.678 Thread 0x00007fc950016000 Exception <a 'java/lang/NoSuchMethodError'{0x00000000c8226360}: 'java.lang.Object java.lang.invoke.DirectMethodHandle$Holder.invokeStatic(java.lang.Object, java.lang.Object, java.lang.Object, java.lang.Object, java.lang.Object, java.lang.Object, java.lang
Event: 0.679 Thread 0x00007fc950016000 Exception <a 'java/lang/NoSuchMethodError'{0x00000000c8241a30}: 'java.lang.Object java.lang.invoke.DirectMethodHandle$Holder.invokeStatic(java.lang.Object, java.lang.Object, java.lang.Object, java.lang.Object, java.lang.Object, java.lang.Object, java.lang
Event: 0.696 Thread 0x00007fc950016000 Exception <a 'java/lang/reflect/InvocationTargetException'{0x00000000c82f4618}> (0x00000000c82f4618) thrown at [/opt/buildAgent/work/1eae4dac1d648407/src/hotspot/share/runtime/reflection.cpp, line 1247]
Event: 0.827 Thread 0x00007fc950016000 Exception <a 'java/lang/NoSuchMethodError'{0x00000000c8930f38}: 'java.lang.Object java.lang.invoke.DirectMethodHandle$Holder.invokeStaticInit(java.lang.Object, java.lang.Object, long, java.lang.Object)'> (0x00000000c8930f38) thrown at [/opt/buildAgent/wor
Event: 0.827 Thread 0x00007fc950016000 Exception <a 'java/lang/NoSuchMethodError'{0x00000000c893d060}: 'java.lang.Object java.lang.invoke.Invokers$Holder.linkToTargetMethod(java.lang.Object, long, java.lang.Object)'> (0x00000000c893d060) thrown at [/opt/buildAgent/work/1eae4dac1d648407/src/hot
Event: 0.829 Thread 0x00007fc950016000 Exception <a 'java/lang/NoSuchMethodError'{0x00000000c8944010}: 'java.lang.Object java.lang.invoke.DirectMethodHandle$Holder.invokeStatic(java.lang.Object, java.lang.Object, java.lang.Object, int)'> (0x00000000c8944010) thrown at [/opt/buildAgent/work/1ea
Event: 0.830 Thread 0x00007fc950016000 Exception <a 'java/lang/NoSuchMethodError'{0x00000000c89479d8}: 'java.lang.Object java.lang.invoke.DirectMethodHandle$Holder.invokeSpecial(java.lang.Object, java.lang.Object, java.lang.Object, java.lang.Object, int)'> (0x00000000c89479d8) thrown at [/opt/
Event: 0.830 Thread 0x00007fc950016000 Exception <a 'java/lang/NoSuchMethodError'{0x00000000c894aa40}: 'java.lang.Object java.lang.invoke.Invokers$Holder.linkToTargetMethod(java.lang.Object, java.lang.Object, int, java.lang.Object)'> (0x00000000c894aa40) thrown at [/opt/buildAgent/work/1eae4da
Event: 0.883 Thread 0x00007fc950016000 Exception <a 'java/lang/ClassNotFoundException'{0x00000000c87499f8}: sun/security/util/spi/AuthResourcesProvider> (0x00000000c87499f8) thrown at [/opt/buildAgent/work/1eae4dac1d648407/src/hotspot/share/classfile/systemDictionary.cpp, line 231]
Event: 0.890 Thread 0x00007fc950016000 Exception <a 'java/lang/NoSuchMethodError'{0x00000000c87d2030}: 'java.lang.Object java.lang.invoke.DirectMethodHandle$Holder.invokeSpecial(java.lang.Object, java.lang.Object, int, int, java.lang.Object, int, int, int)'> (0x00000000c87d2030) thrown at [/op
Event: 0.891 Thread 0x00007fc950016000 Exception <a 'java/lang/NoSuchMethodError'{0x00000000c87d5470}: 'java.lang.Object java.lang.invoke.DelegatingMethodHandle$Holder.reinvoke_L(java.lang.Object, int, int, java.lang.Object, int, int, int)'> (0x00000000c87d5470) thrown at [/opt/buildAgent/work
Event: 0.892 Thread 0x00007fc950016000 Exception <a 'java/lang/NoSuchMethodError'{0x00000000c87fa938}: 'java.lang.Object java.lang.invoke.DirectMethodHandle$Holder.invokeSpecial(java.lang.Object, java.lang.Object, java.lang.Object, int, int, int)'> (0x00000000c87fa938) thrown at [/opt/buildAge
Event: 0.892 Thread 0x00007fc950016000 Exception <a 'java/lang/NoSuchMethodError'{0x00000000c87fdd68}: 'java.lang.Object java.lang.invoke.Invokers$Holder.linkToTargetMethod(java.lang.Object, int, int, int, java.lang.Object)'> (0x00000000c87fdd68) thrown at [/opt/buildAgent/work/1eae4dac1d64840
Event: 1.446 Thread 0x00007fc950016000 Exception <a 'java/lang/ClassNotFoundException'{0x00000000c89004a0}: com/sun/org/apache/xml/internal/serializer/spi/XMLEntitiesProvider> (0x00000000c89004a0) thrown at [/opt/buildAgent/work/1eae4dac1d648407/src/hotspot/share/classfile/systemDictionary.cpp
Event: 2.039 Thread 0x00007fc8dc013800 Implicit null exception at 0x00007fc944469b00 to 0x00007fc94446c61a

Events (20 events):
Event: 2.845 loading class jdk/internal/math/FormattedFloatingDecimal$1 done
Event: 2.845 loading class jdk/internal/math/FormattedFloatingDecimal$2
Event: 2.845 loading class jdk/internal/math/FormattedFloatingDecimal$2 done
Event: 2.846 loading class org/apache/hadoop/mapreduce/Job$5
Event: 2.846 loading class org/apache/hadoop/mapreduce/Job$5 done
Event: 2.859 Executing VM operation: G1CollectForAllocation
Event: 2.878 Executing VM operation: G1CollectForAllocation done
Event: 2.878 loading class org/apache/hadoop/mapreduce/TaskCompletionEvent
Event: 2.878 loading class org/apache/hadoop/mapreduce/TaskCompletionEvent done
Event: 2.885 loading class org/apache/hadoop/mapreduce/TaskCompletionEvent$Status
Event: 2.885 loading class org/apache/hadoop/mapreduce/TaskCompletionEvent$Status done
Event: 3.782 Executing VM operation: G1CollectForAllocation
Event: 3.788 Executing VM operation: G1CollectForAllocation done
Event: 3.796 Executing VM operation: CGC_Operation
Event: 3.801 Executing VM operation: CGC_Operation done
Event: 3.805 Executing VM operation: CGC_Operation
Event: 3.805 Executing VM operation: CGC_Operation done
Event: 4.063 Executing VM operation: G1CollectForAllocation
Event: 4.208 Executing VM operation: G1CollectForAllocation done
Event: 4.638 Executing VM operation: G1CollectForAllocation


Dynamic libraries:
00400000-00401000 r-xp 00000000 fd:00 7118417                            /home/hadoop/app/idea-IU-193.6494.35/jbr/bin/java
00601000-00602000 r--p 00001000 fd:00 7118417                            /home/hadoop/app/idea-IU-193.6494.35/jbr/bin/java
00602000-00603000 rw-p 00002000 fd:00 7118417                            /home/hadoop/app/idea-IU-193.6494.35/jbr/bin/java
02057000-02078000 rw-p 00000000 00:00 0                                  [heap]
c4e00000-d0700000 rw-p 00000000 00:00 0 
d7d00000-100000000 ---p 00000000 00:00 0 
100000000-1002a0000 rw-p 00000000 00:00 0 
1002a0000-140000000 ---p 00000000 00:00 0 
7fc8c0000000-7fc8c0021000 rw-p 00000000 00:00 0 
7fc8c0021000-7fc8c4000000 ---p 00000000 00:00 0 
7fc8c8000000-7fc8c8021000 rw-p 00000000 00:00 0 
7fc8c8021000-7fc8cc000000 ---p 00000000 00:00 0 
7fc8cc000000-7fc8cc021000 rw-p 00000000 00:00 0 
7fc8cc021000-7fc8d0000000 ---p 00000000 00:00 0 
7fc8d0000000-7fc8d00af000 rw-p 00000000 00:00 0 
7fc8d00af000-7fc8d4000000 ---p 00000000 00:00 0 
7fc8d4000000-7fc8d4021000 rw-p 00000000 00:00 0 
7fc8d4021000-7fc8d8000000 ---p 00000000 00:00 0 
7fc8d8000000-7fc8d8021000 rw-p 00000000 00:00 0 
7fc8d8021000-7fc8dc000000 ---p 00000000 00:00 0 
7fc8dc000000-7fc8dc021000 rw-p 00000000 00:00 0 
7fc8dc021000-7fc8e0000000 ---p 00000000 00:00 0 
7fc8e0000000-7fc8e0021000 rw-p 00000000 00:00 0 
7fc8e0021000-7fc8e4000000 ---p 00000000 00:00 0 
7fc8e4000000-7fc8e4031000 rw-p 00000000 00:00 0 
7fc8e4031000-7fc8e8000000 ---p 00000000 00:00 0 
7fc8e8000000-7fc8e8021000 rw-p 00000000 00:00 0 
7fc8e8021000-7fc8ec000000 ---p 00000000 00:00 0 
7fc8ec000000-7fc8ec021000 rw-p 00000000 00:00 0 
7fc8ec021000-7fc8f0000000 ---p 00000000 00:00 0 
7fc8f0000000-7fc8f0021000 rw-p 00000000 00:00 0 
7fc8f0021000-7fc8f4000000 ---p 00000000 00:00 0 
7fc8f4000000-7fc8f4021000 rw-p 00000000 00:00 0 
7fc8f4021000-7fc8f8000000 ---p 00000000 00:00 0 
7fc8f8000000-7fc8f8021000 rw-p 00000000 00:00 0 
7fc8f8021000-7fc8fc000000 ---p 00000000 00:00 0 
7fc8fc000000-7fc8fc021000 rw-p 00000000 00:00 0 
7fc8fc021000-7fc900000000 ---p 00000000 00:00 0 
7fc900000000-7fc900a47000 rw-p 00000000 00:00 0 
7fc900a47000-7fc904000000 ---p 00000000 00:00 0 
7fc904000000-7fc90443e000 rw-p 00000000 00:00 0 
7fc90443e000-7fc908000000 ---p 00000000 00:00 0 
7fc908000000-7fc908021000 rw-p 00000000 00:00 0 
7fc908021000-7fc90c000000 ---p 00000000 00:00 0 
7fc90d487000-7fc90d6d2000 rw-p 00000000 00:00 0 
7fc90d6d2000-7fc90d6d3000 ---p 00000000 00:00 0 
7fc90d6d3000-7fc90d7d4000 rw-p 00000000 00:00 0 
7fc90d7d4000-7fc90d7d5000 ---p 00000000 00:00 0 
7fc90d7d5000-7fc90d996000 rw-p 00000000 00:00 0 
7fc90d996000-7fc90dad6000 ---p 00000000 00:00 0 
7fc90dad6000-7fc914000000 r--p 00000000 fd:00 101947532                  /usr/lib/locale/locale-archive
7fc914000000-7fc914021000 rw-p 00000000 00:00 0 
7fc914021000-7fc918000000 ---p 00000000 00:00 0 
7fc918000000-7fc918021000 rw-p 00000000 00:00 0 
7fc918021000-7fc91c000000 ---p 00000000 00:00 0 
7fc91c000000-7fc91c021000 rw-p 00000000 00:00 0 
7fc91c021000-7fc920000000 ---p 00000000 00:00 0 
7fc920000000-7fc920162000 rw-p 00000000 00:00 0 
7fc920162000-7fc924000000 ---p 00000000 00:00 0 
7fc924000000-7fc924021000 rw-p 00000000 00:00 0 
7fc924021000-7fc928000000 ---p 00000000 00:00 0 
7fc928000000-7fc928021000 rw-p 00000000 00:00 0 
7fc928021000-7fc92c000000 ---p 00000000 00:00 0 
7fc92c09f000-7fc92c0a3000 ---p 00000000 00:00 0 
7fc92c0a3000-7fc92c1a0000 rw-p 00000000 00:00 0 
7fc92c1a0000-7fc92c1a4000 ---p 00000000 00:00 0 
7fc92c1a4000-7fc92c2a1000 rw-p 00000000 00:00 0 
7fc92c2a1000-7fc92c2a5000 ---p 00000000 00:00 0 
7fc92c2a5000-7fc92c58e000 rw-p 00000000 00:00 0 
7fc92c58e000-7fc92c5a2000 ---p 00000000 00:00 0 
7fc92c5a2000-7fc92c5e2000 r-xp 00000000 fd:00 68957716                   /home/hadoop/app/idea-IU-193.6494.35/jbr/lib/libsunec.so
7fc92c5e2000-7fc92c7e1000 ---p 00040000 fd:00 68957716                   /home/hadoop/app/idea-IU-193.6494.35/jbr/lib/libsunec.so
7fc92c7e1000-7fc92c7e6000 r--p 0003f000 fd:00 68957716                   /home/hadoop/app/idea-IU-193.6494.35/jbr/lib/libsunec.so
7fc92c7e6000-7fc92c7e8000 rw-p 00044000 fd:00 68957716                   /home/hadoop/app/idea-IU-193.6494.35/jbr/lib/libsunec.so
7fc92c7e8000-7fc92c7ec000 ---p 00000000 00:00 0 
7fc92c7ec000-7fc92c8e9000 rw-p 00000000 00:00 0 
7fc92c8e9000-7fc92c8ed000 ---p 00000000 00:00 0 
7fc92c8ed000-7fc92cbea000 rw-p 00000000 00:00 0 
7fc92cbea000-7fc92cdea000 rw-p 00000000 00:00 0 
7fc92cdea000-7fc92cdeb000 r-xp 00000000 fd:00 67167665                   /home/hadoop/app/idea-IU-193.6494.35/jbr/lib/libjaas.so
7fc92cdeb000-7fc92cfea000 ---p 00001000 fd:00 67167665                   /home/hadoop/app/idea-IU-193.6494.35/jbr/lib/libjaas.so
7fc92cfea000-7fc92cfeb000 r--p 00000000 fd:00 67167665                   /home/hadoop/app/idea-IU-193.6494.35/jbr/lib/libjaas.so
7fc92cfeb000-7fc92cfec000 rw-p 00001000 fd:00 67167665                   /home/hadoop/app/idea-IU-193.6494.35/jbr/lib/libjaas.so
7fc92cfec000-7fc92cff0000 ---p 00000000 00:00 0 
7fc92cff0000-7fc92d2ed000 rw-p 00000000 00:00 0 
7fc92d2ed000-7fc92d4ed000 rw-p 00000000 00:00 0 
7fc92d4ed000-7fc92d4f2000 r-xp 00000000 fd:00 68957698                   /home/hadoop/app/idea-IU-193.6494.35/jbr/lib/libmanagement_ext.so
7fc92d4f2000-7fc92d6f1000 ---p 00005000 fd:00 68957698                   /home/hadoop/app/idea-IU-193.6494.35/jbr/lib/libmanagement_ext.so
7fc92d6f1000-7fc92d6f2000 r--p 00004000 fd:00 68957698                   /home/hadoop/app/idea-IU-193.6494.35/jbr/lib/libmanagement_ext.so
7fc92d6f2000-7fc92d6f3000 rw-p 00005000 fd:00 68957698                   /home/hadoop/app/idea-IU-193.6494.35/jbr/lib/libmanagement_ext.so
7fc92d6f3000-7fc92d6f7000 r-xp 00000000 fd:00 68957696                   /home/hadoop/app/idea-IU-193.6494.35/jbr/lib/libmanagement.so
7fc92d6f7000-7fc92d8f6000 ---p 00004000 fd:00 68957696                   /home/hadoop/app/idea-IU-193.6494.35/jbr/lib/libmanagement.so
7fc92d8f6000-7fc92d8f7000 r--p 00003000 fd:00 68957696                   /home/hadoop/app/idea-IU-193.6494.35/jbr/lib/libmanagement.so
7fc92d8f7000-7fc92d8f8000 rw-p 00004000 fd:00 68957696                   /home/hadoop/app/idea-IU-193.6494.35/jbr/lib/libmanagement.so
7fc92d8f8000-7fc92d8f9000 ---p 00000000 00:00 0 
7fc92d8f9000-7fc92dbfa000 rw-p 00000000 00:00 0 
7fc92dbfa000-7fc92dbfc000 r-xp 00000000 fd:00 67167654                   /home/hadoop/app/idea-IU-193.6494.35/jbr/lib/libextnet.so
7fc92dbfc000-7fc92ddfb000 ---p 00002000 fd:00 67167654                   /home/hadoop/app/idea-IU-193.6494.35/jbr/lib/libextnet.so
7fc92ddfb000-7fc92ddfc000 r--p 00001000 fd:00 67167654                   /home/hadoop/app/idea-IU-193.6494.35/jbr/lib/libextnet.so
7fc92ddfc000-7fc92ddfd000 rw-p 00002000 fd:00 67167654                   /home/hadoop/app/idea-IU-193.6494.35/jbr/lib/libextnet.so
7fc92ddfd000-7fc92ddfe000 ---p 00000000 00:00 0 
7fc92ddfe000-7fc92deff000 rw-p 00000000 00:00 0 
7fc92deff000-7fc92df03000 ---p 00000000 00:00 0 
7fc92df03000-7fc930000000 rw-p 00000000 00:00 0 
7fc930000000-7fc930021000 rw-p 00000000 00:00 0 
7fc930021000-7fc934000000 ---p 00000000 00:00 0 
7fc9340fe000-7fc934102000 ---p 00000000 00:00 0 
7fc934102000-7fc9341ff000 rw-p 00000000 00:00 0 
7fc9341ff000-7fc934215000 r-xp 00000000 fd:00 68672390                   /home/hadoop/app/idea-IU-193.6494.35/jbr/lib/libnet.so
7fc934215000-7fc934415000 ---p 00016000 fd:00 68672390                   /home/hadoop/app/idea-IU-193.6494.35/jbr/lib/libnet.so
7fc934415000-7fc934416000 r--p 00016000 fd:00 68672390                   /home/hadoop/app/idea-IU-193.6494.35/jbr/lib/libnet.so
7fc934416000-7fc934417000 rw-p 00017000 fd:00 68672390                   /home/hadoop/app/idea-IU-193.6494.35/jbr/lib/libnet.so
7fc934417000-7fc934427000 r-xp 00000000 fd:00 68672412                   /home/hadoop/app/idea-IU-193.6494.35/jbr/lib/libnio.so
7fc934427000-7fc934626000 ---p 00010000 fd:00 68672412                   /home/hadoop/app/idea-IU-193.6494.35/jbr/lib/libnio.so
7fc934626000-7fc934627000 r--p 0000f000 fd:00 68672412                   /home/hadoop/app/idea-IU-193.6494.35/jbr/lib/libnio.so
7fc934627000-7fc934628000 rw-p 00010000 fd:00 68672412                   /home/hadoop/app/idea-IU-193.6494.35/jbr/lib/libnio.so
7fc934628000-7fc93462c000 ---p 00000000 00:00 0 
7fc93462c000-7fc934729000 rw-p 00000000 00:00 0 
7fc934729000-7fc93472d000 ---p 00000000 00:00 0 
7fc93472d000-7fc93482a000 rw-p 00000000 00:00 0 
7fc93482a000-7fc93482e000 ---p 00000000 00:00 0 
7fc93482e000-7fc93492b000 rw-p 00000000 00:00 0 
7fc93492b000-7fc93492f000 ---p 00000000 00:00 0 
7fc93492f000-7fc934a2c000 rw-p 00000000 00:00 0 
7fc934a2c000-7fc934a30000 ---p 00000000 00:00 0 
7fc934a30000-7fc934b2d000 rw-p 00000000 00:00 0 
7fc934b2d000-7fc934b31000 ---p 00000000 00:00 0 
7fc934b31000-7fc934c2e000 rw-p 00000000 00:00 0 
7fc934c2e000-7fc934c32000 ---p 00000000 00:00 0 
7fc934c32000-7fc934d2f000 rw-p 00000000 00:00 0 
7fc934d2f000-7fc934d30000 ---p 00000000 00:00 0 
7fc934d30000-7fc9356b2000 rw-p 00000000 00:00 0 
7fc9356b2000-7fc9356b3000 ---p 00000000 00:00 0 
7fc9356b3000-7fc9357b4000 rw-p 00000000 00:00 0 
7fc9357b4000-7fc9357b5000 ---p 00000000 00:00 0 
7fc9357b5000-7fc935cba000 rw-p 00000000 00:00 0 
7fc935cba000-7fc935cbb000 ---p 00000000 00:00 0 
7fc935cbb000-7fc935dbc000 rw-p 00000000 00:00 0 
7fc935dbc000-7fc935dbd000 ---p 00000000 00:00 0 
7fc935dbd000-7fc9361a2000 rw-p 00000000 00:00 0 
7fc9361a2000-7fc936d86000 ---p 00000000 00:00 0 
7fc936d86000-7fc93706a000 rw-p 00000000 00:00 0 
7fc93706a000-7fc937c4e000 ---p 00000000 00:00 0 
7fc937c4e000-7fc937cab000 rw-p 00000000 00:00 0 
7fc937cab000-7fc937e27000 ---p 00000000 00:00 0 
7fc937e27000-7fc937e84000 rw-p 00000000 00:00 0 
7fc937e84000-7fc938000000 ---p 00000000 00:00 0 
7fc938000000-7fc938021000 rw-p 00000000 00:00 0 
7fc938021000-7fc93c000000 ---p 00000000 00:00 0 
7fc93c03c000-7fc93c099000 rw-p 00000000 00:00 0 
7fc93c099000-7fc93c215000 ---p 00000000 00:00 0 
7fc93c215000-7fc93c619000 rw-p 00000000 00:00 0 
7fc93c619000-7fc93c61a000 ---p 00000000 00:00 0 
7fc93c61a000-7fc93c720000 rw-p 00000000 00:00 0 
7fc93c720000-7fc93c806000 ---p 00000000 00:00 0 
7fc93c806000-7fc93c80f000 rw-p 00000000 00:00 0 
7fc93c80f000-7fc93c8f1000 ---p 00000000 00:00 0 
7fc93c8f1000-7fc93cb61000 rwxp 00000000 00:00 0 
7fc93cb61000-7fc93ce81000 ---p 00000000 00:00 0 
7fc93ce81000-7fc93d2d1000 rwxp 00000000 00:00 0 
7fc93d2d1000-7fc9443b9000 ---p 00000000 00:00 0 
7fc9443b9000-7fc944629000 rwxp 00000000 00:00 0 
7fc944629000-7fc94b8f1000 ---p 00000000 00:00 0 
7fc94b8f1000-7fc94f9c7000 r--s 00000000 fd:00 67282718                   /home/hadoop/app/idea-IU-193.6494.35/jbr/lib/modules
7fc94f9c7000-7fc94f9e2000 r-xp 00000000 fd:00 67167676                   /home/hadoop/app/idea-IU-193.6494.35/jbr/lib/libjimage.so
7fc94f9e2000-7fc94fbe2000 ---p 0001b000 fd:00 67167676                   /home/hadoop/app/idea-IU-193.6494.35/jbr/lib/libjimage.so
7fc94fbe2000-7fc94fbe4000 r--p 0001b000 fd:00 67167676                   /home/hadoop/app/idea-IU-193.6494.35/jbr/lib/libjimage.so
7fc94fbe4000-7fc94fbe5000 rw-p 0001d000 fd:00 67167676                   /home/hadoop/app/idea-IU-193.6494.35/jbr/lib/libjimage.so
7fc94fbe5000-7fc94fbec000 r-xp 00000000 fd:00 68672415                   /home/hadoop/app/idea-IU-193.6494.35/jbr/lib/libzip.so
7fc94fbec000-7fc94fdeb000 ---p 00007000 fd:00 68672415                   /home/hadoop/app/idea-IU-193.6494.35/jbr/lib/libzip.so
7fc94fdeb000-7fc94fdec000 r--p 00006000 fd:00 68672415                   /home/hadoop/app/idea-IU-193.6494.35/jbr/lib/libzip.so
7fc94fdec000-7fc94fded000 rw-p 00007000 fd:00 68672415                   /home/hadoop/app/idea-IU-193.6494.35/jbr/lib/libzip.so
7fc94fded000-7fc94fdf9000 r-xp 00000000 fd:00 1249299                    /usr/lib64/libnss_files-2.17.so
7fc94fdf9000-7fc94fff8000 ---p 0000c000 fd:00 1249299                    /usr/lib64/libnss_files-2.17.so
7fc94fff8000-7fc94fff9000 r--p 0000b000 fd:00 1249299                    /usr/lib64/libnss_files-2.17.so
7fc94fff9000-7fc94fffa000 rw-p 0000c000 fd:00 1249299                    /usr/lib64/libnss_files-2.17.so
7fc94fffa000-7fc950000000 rw-p 00000000 00:00 0 
7fc950000000-7fc950bc9000 rw-p 00000000 00:00 0 
7fc950bc9000-7fc954000000 ---p 00000000 00:00 0 
7fc954021000-7fc95402b000 r-xp 00000000 fd:00 67167661                   /home/hadoop/app/idea-IU-193.6494.35/jbr/lib/libinstrument.so
7fc95402b000-7fc95422a000 ---p 0000a000 fd:00 67167661                   /home/hadoop/app/idea-IU-193.6494.35/jbr/lib/libinstrument.so
7fc95422a000-7fc95422b000 r--p 00009000 fd:00 67167661                   /home/hadoop/app/idea-IU-193.6494.35/jbr/lib/libinstrument.so
7fc95422b000-7fc95422c000 rw-p 0000a000 fd:00 67167661                   /home/hadoop/app/idea-IU-193.6494.35/jbr/lib/libinstrument.so
7fc95422c000-7fc954255000 r-xp 00000000 fd:00 67167666                   /home/hadoop/app/idea-IU-193.6494.35/jbr/lib/libjava.so
7fc954255000-7fc954454000 ---p 00029000 fd:00 67167666                   /home/hadoop/app/idea-IU-193.6494.35/jbr/lib/libjava.so
7fc954454000-7fc954455000 r--p 00028000 fd:00 67167666                   /home/hadoop/app/idea-IU-193.6494.35/jbr/lib/libjava.so
7fc954455000-7fc954457000 rw-p 00029000 fd:00 67167666                   /home/hadoop/app/idea-IU-193.6494.35/jbr/lib/libjava.so
7fc954457000-7fc954464000 r-xp 00000000 fd:00 68957715                   /home/hadoop/app/idea-IU-193.6494.35/jbr/lib/libverify.so
7fc954464000-7fc954663000 ---p 0000d000 fd:00 68957715                   /home/hadoop/app/idea-IU-193.6494.35/jbr/lib/libverify.so
7fc954663000-7fc954665000 r--p 0000c000 fd:00 68957715                   /home/hadoop/app/idea-IU-193.6494.35/jbr/lib/libverify.so
7fc954665000-7fc954666000 rw-p 0000e000 fd:00 68957715                   /home/hadoop/app/idea-IU-193.6494.35/jbr/lib/libverify.so
7fc954666000-7fc95466d000 r-xp 00000000 fd:00 1249693                    /usr/lib64/librt-2.17.so
7fc95466d000-7fc95486c000 ---p 00007000 fd:00 1249693                    /usr/lib64/librt-2.17.so
7fc95486c000-7fc95486d000 r--p 00006000 fd:00 1249693                    /usr/lib64/librt-2.17.so
7fc95486d000-7fc95486e000 rw-p 00007000 fd:00 1249693                    /usr/lib64/librt-2.17.so
7fc95486e000-7fc95496f000 r-xp 00000000 fd:00 1249296                    /usr/lib64/libm-2.17.so
7fc95496f000-7fc954b6e000 ---p 00101000 fd:00 1249296                    /usr/lib64/libm-2.17.so
7fc954b6e000-7fc954b6f000 r--p 00100000 fd:00 1249296                    /usr/lib64/libm-2.17.so
7fc954b6f000-7fc954b70000 rw-p 00101000 fd:00 1249296                    /usr/lib64/libm-2.17.so
7fc954b70000-7fc955b99000 r-xp 00000000 fd:00 106407721                  /home/hadoop/app/idea-IU-193.6494.35/jbr/lib/server/libjvm.so
7fc955b99000-7fc955d98000 ---p 01029000 fd:00 106407721                  /home/hadoop/app/idea-IU-193.6494.35/jbr/lib/server/libjvm.so
7fc955d98000-7fc955e57000 r--p 01028000 fd:00 106407721                  /home/hadoop/app/idea-IU-193.6494.35/jbr/lib/server/libjvm.so
7fc955e57000-7fc955e91000 rw-p 010e7000 fd:00 106407721                  /home/hadoop/app/idea-IU-193.6494.35/jbr/lib/server/libjvm.so
7fc955e91000-7fc955ee7000 rw-p 00000000 00:00 0 
7fc955ee7000-7fc9560aa000 r-xp 00000000 fd:00 216043                     /usr/lib64/libc-2.17.so
7fc9560aa000-7fc9562aa000 ---p 001c3000 fd:00 216043                     /usr/lib64/libc-2.17.so
7fc9562aa000-7fc9562ae000 r--p 001c3000 fd:00 216043                     /usr/lib64/libc-2.17.so
7fc9562ae000-7fc9562b0000 rw-p 001c7000 fd:00 216043                     /usr/lib64/libc-2.17.so
7fc9562b0000-7fc9562b5000 rw-p 00000000 00:00 0 
7fc9562b5000-7fc9562b7000 r-xp 00000000 fd:00 1249295                    /usr/lib64/libdl-2.17.so
7fc9562b7000-7fc9564b7000 ---p 00002000 fd:00 1249295                    /usr/lib64/libdl-2.17.so
7fc9564b7000-7fc9564b8000 r--p 00002000 fd:00 1249295                    /usr/lib64/libdl-2.17.so
7fc9564b8000-7fc9564b9000 rw-p 00003000 fd:00 1249295                    /usr/lib64/libdl-2.17.so
7fc9564b9000-7fc9564c8000 r-xp 00000000 fd:00 35669031                   /home/hadoop/app/idea-IU-193.6494.35/jbr/lib/jli/libjli.so
7fc9564c8000-7fc9566c7000 ---p 0000f000 fd:00 35669031                   /home/hadoop/app/idea-IU-193.6494.35/jbr/lib/jli/libjli.so
7fc9566c7000-7fc9566c8000 r--p 0000e000 fd:00 35669031                   /home/hadoop/app/idea-IU-193.6494.35/jbr/lib/jli/libjli.so
7fc9566c8000-7fc9566c9000 rw-p 0000f000 fd:00 35669031                   /home/hadoop/app/idea-IU-193.6494.35/jbr/lib/jli/libjli.so
7fc9566c9000-7fc9566e0000 r-xp 00000000 fd:00 1249306                    /usr/lib64/libpthread-2.17.so
7fc9566e0000-7fc9568df000 ---p 00017000 fd:00 1249306                    /usr/lib64/libpthread-2.17.so
7fc9568df000-7fc9568e0000 r--p 00016000 fd:00 1249306                    /usr/lib64/libpthread-2.17.so
7fc9568e0000-7fc9568e1000 rw-p 00017000 fd:00 1249306                    /usr/lib64/libpthread-2.17.so
7fc9568e1000-7fc9568e5000 rw-p 00000000 00:00 0 
7fc9568e5000-7fc9568fa000 r-xp 00000000 fd:00 264336                     /usr/lib64/libz.so.1.2.7
7fc9568fa000-7fc956af9000 ---p 00015000 fd:00 264336                     /usr/lib64/libz.so.1.2.7
7fc956af9000-7fc956afa000 r--p 00014000 fd:00 264336                     /usr/lib64/libz.so.1.2.7
7fc956afa000-7fc956afb000 rw-p 00015000 fd:00 264336                     /usr/lib64/libz.so.1.2.7
7fc956afb000-7fc956b1d000 r-xp 00000000 fd:00 216036                     /usr/lib64/ld-2.17.so
7fc956b58000-7fc956b5c000 ---p 00000000 00:00 0 
7fc956b5c000-7fc956bfa000 rw-p 00000000 00:00 0 
7fc956bfa000-7fc956c01000 ---p 00000000 00:00 0 
7fc956c01000-7fc956c05000 ---p 00000000 00:00 0 
7fc956c05000-7fc956d07000 rw-p 00000000 00:00 0 
7fc956d10000-7fc956d11000 rw-p 00000000 00:00 0 
7fc956d11000-7fc956d19000 rw-s 00000000 fd:00 34142881                   /tmp/hsperfdata_hadoop/40612
7fc956d19000-7fc956d1a000 ---p 00000000 00:00 0 
7fc956d1a000-7fc956d1b000 r--p 00000000 00:00 0 
7fc956d1b000-7fc956d1c000 rw-p 00000000 00:00 0 
7fc956d1c000-7fc956d1d000 r--p 00021000 fd:00 216036                     /usr/lib64/ld-2.17.so
7fc956d1d000-7fc956d1e000 rw-p 00022000 fd:00 216036                     /usr/lib64/ld-2.17.so
7fc956d1e000-7fc956d1f000 rw-p 00000000 00:00 0 
7ffda3837000-7ffda385a000 rw-p 00000000 00:00 0                          [stack]
7ffda3917000-7ffda3919000 r-xp 00000000 00:00 0                          [vdso]
ffffffffff600000-ffffffffff601000 r-xp 00000000 00:00 0                  [vsyscall]


VM Arguments:
jvm_args: -javaagent:/home/hadoop/app/idea-IU-193.6494.35/lib/idea_rt.jar=44865:/home/hadoop/app/idea-IU-193.6494.35/bin -Dfile.encoding=UTF-8 
java_command: com.Jdai.bigdata.hadoop.mr.project.mr.HourStatApp
java_class_path (initial): /home/hadoop/IdeaProjects/hadoop-train-v2/target/classes:/home/hadoop/.m2/repository/org/apache/hadoop/hadoop-client/2.6.0-cdh5.15.1/hadoop-client-2.6.0-cdh5.15.1.jar:/home/hadoop/.m2/repository/org/apache/hadoop/hadoop-common/2.6.0-cdh5.15.1/hadoop-common-2.6.0-cdh5.15.1.jar:/home/hadoop/.m2/repository/com/google/guava/guava/11.0.2/guava-11.0.2.jar:/home/hadoop/.m2/repository/commons-cli/commons-cli/1.2/commons-cli-1.2.jar:/home/hadoop/.m2/repository/org/apache/commons/commons-math3/3.1.1/commons-math3-3.1.1.jar:/home/hadoop/.m2/repository/xmlenc/xmlenc/0.52/xmlenc-0.52.jar:/home/hadoop/.m2/repository/commons-httpclient/commons-httpclient/3.1/commons-httpclient-3.1.jar:/home/hadoop/.m2/repository/commons-codec/commons-codec/1.4/commons-codec-1.4.jar:/home/hadoop/.m2/repository/commons-io/commons-io/2.4/commons-io-2.4.jar:/home/hadoop/.m2/repository/commons-net/commons-net/3.1/commons-net-3.1.jar:/home/hadoop/.m2/repository/commons-collections/commons-collections/3.2.2/commons-collections-3.2.2.jar:/home/hadoop/.m2/repository/commons-logging/commons-logging/1.1.3/commons-logging-1.1.3.jar:/home/hadoop/.m2/repository/log4j/log4j/1.2.17/log4j-1.2.17.jar:/home/hadoop/.m2/repository/commons-lang/commons-lang/2.6/commons-lang-2.6.jar:/home/hadoop/.m2/repository/commons-configuration/commons-configuration/1.6/commons-configuration-1.6.jar:/home/hadoop/.m2/repository/commons-digester/commons-digester/1.8/commons-digester-1.8.jar:/home/hadoop/.m2/repository/commons-beanutils/commons-beanutils/1.7.0/commons-beanutils-1.7.0.jar:/home/hadoop/.m2/repository/commons-beanutils/commons-beanutils-core/1.8.0/commons-beanutils-core-1.8.0.jar:/home/hadoop/.m2/repository/org/slf4j/slf4j-api/1.7.5/slf4j-api-1.7.5.jar:/home/hadoop/.m2/repository/org/slf4j/slf4j-log4j12/1.7.5/slf4j-log4j12-1.7.5.jar:/home/hadoop/.m2/repository/org/codehaus/jackson/jackson-core-asl/1.8.8/jackson-core-asl-1.8.8.jar:/home/hadoop/.m2/repository/org/codehaus/jackson/jackson-mapper-
Launcher Type: SUN_STANDARD

[Global flags]
     intx CICompilerCount                          = 3                                         {product} {ergonomic}
     uint ConcGCThreads                            = 1                                         {product} {ergonomic}
     uint G1ConcRefinementThreads                  = 4                                         {product} {ergonomic}
   size_t G1HeapRegionSize                         = 1048576                                   {product} {ergonomic}
    uintx GCDrainStackTargetSize                   = 64                                        {product} {ergonomic}
   size_t InitialHeapSize                          = 62914560                                  {product} {ergonomic}
   size_t MarkStackSize                            = 4194304                                   {product} {ergonomic}
   size_t MaxHeapSize                              = 991952896                                 {product} {ergonomic}
   size_t MaxNewSize                               = 594542592                                 {product} {ergonomic}
   size_t MinHeapDeltaBytes                        = 1048576                                   {product} {ergonomic}
    uintx NonNMethodCodeHeapSize                   = 5830732                                {pd product} {ergonomic}
    uintx NonProfiledCodeHeapSize                  = 122913754                              {pd product} {ergonomic}
    uintx ProfiledCodeHeapSize                     = 122913754                              {pd product} {ergonomic}
    uintx ReservedCodeCacheSize                    = 251658240                              {pd product} {ergonomic}
     bool SegmentedCodeCache                       = true                                      {product} {ergonomic}
     bool UseCompressedClassPointers               = true                                 {lp64_product} {ergonomic}
     bool UseCompressedOops                        = true                                 {lp64_product} {ergonomic}
     bool UseG1GC                                  = true                                      {product} {ergonomic}

Logging:
Log output configuration:
 #0: stdout all=warning uptime,level,tags
 #1: stderr all=off uptime,level,tags

Environment Variables:
JAVA_HOME=/home/hadoop/app/jdk1.8.0_91
PATH=/home/hadoop/app/hive-1.1.0-cdh5.15.1/bin:/home/hadoop/app/hadoop-2.6.0-cdh5.15.1/bin:/home/hadoop/app/jdk1.8.0_91/bin:/usr/local/bin:/usr/local/sbin:/usr/bin:/usr/sbin:/bin:/sbin:/home/hadoop/.local/bin:/home/hadoop/bin
USERNAME=hadoop
SHELL=/bin/bash
DISPLAY=:0

Signal Handlers:
SIGSEGV: [libjvm.so+0xd635a0], sa_mask[0]=11111111011111111101111111111110, sa_flags=SA_RESTART|SA_SIGINFO
SIGBUS: [libjvm.so+0xd635a0], sa_mask[0]=11111111011111111101111111111110, sa_flags=SA_RESTART|SA_SIGINFO
SIGFPE: [libjvm.so+0xd635a0], sa_mask[0]=11111111011111111101111111111110, sa_flags=SA_RESTART|SA_SIGINFO
SIGPIPE: [libjvm.so+0xb685f0], sa_mask[0]=11111111011111111101111111111110, sa_flags=SA_RESTART|SA_SIGINFO
SIGXFSZ: [libjvm.so+0xb685f0], sa_mask[0]=11111111011111111101111111111110, sa_flags=SA_RESTART|SA_SIGINFO
SIGILL: [libjvm.so+0xd635a0], sa_mask[0]=11111111011111111101111111111110, sa_flags=SA_RESTART|SA_SIGINFO
SIGUSR2: [libjvm.so+0xb68480], sa_mask[0]=00100000000000000000000000000000, sa_flags=SA_RESTART|SA_SIGINFO
SIGHUP: [libjvm.so+0xb68950], sa_mask[0]=11111111011111111101111111111110, sa_flags=SA_RESTART|SA_SIGINFO
SIGINT: [libjvm.so+0xb68950], sa_mask[0]=11111111011111111101111111111110, sa_flags=SA_RESTART|SA_SIGINFO
SIGTERM: [libjvm.so+0xb68950], sa_mask[0]=11111111011111111101111111111110, sa_flags=SA_RESTART|SA_SIGINFO
SIGQUIT: [libjvm.so+0xb68950], sa_mask[0]=11111111011111111101111111111110, sa_flags=SA_RESTART|SA_SIGINFO


---------------  S Y S T E M  ---------------

OS:CentOS Linux release 7.7.1908 (Core)
uname:Linux 3.10.0-1062.18.1.el7.x86_64 #1 SMP Tue Mar 17 23:49:17 UTC 2020 x86_64
libc:glibc 2.17 NPTL 2.17 
rlimit: STACK 8192k, CORE 0k, NPROC 4096, NOFILE 409600, AS infinity, DATA infinity, FSIZE infinity
load average:0.51 0.48 0.28

/proc/meminfo:
MemTotal:        3871080 kB
MemFree:          109572 kB
MemAvailable:      21076 kB
Buffers:               0 kB
Cached:            59020 kB
SwapCached:        69088 kB
Active:          2531768 kB
Inactive:         959544 kB
Active(anon):    2526524 kB
Inactive(anon):   945328 kB
Active(file):       5244 kB
Inactive(file):    14216 kB
Unevictable:           0 kB
Mlocked:               0 kB
SwapTotal:       2097148 kB
SwapFree:              0 kB
Dirty:                 0 kB
Writeback:             0 kB
AnonPages:       3363740 kB
Mapped:            34516 kB
Shmem:             39260 kB
Slab:             108024 kB
SReclaimable:      43948 kB
SUnreclaim:        64076 kB
KernelStack:       19696 kB
PageTables:        50696 kB
NFS_Unstable:          0 kB
Bounce:                0 kB
WritebackTmp:          0 kB
CommitLimit:     4032688 kB
Committed_AS:   10384244 kB
VmallocTotal:   34359738367 kB
VmallocUsed:      199016 kB
VmallocChunk:   34359310332 kB
HardwareCorrupted:     0 kB
AnonHugePages:    323584 kB
CmaTotal:              0 kB
CmaFree:               0 kB
HugePages_Total:       0
HugePages_Free:        0
HugePages_Rsvd:        0
HugePages_Surp:        0
Hugepagesize:       2048 kB
DirectMap4k:      128832 kB
DirectMap2M:     4065280 kB
DirectMap1G:     2097152 kB


/proc/sys/kernel/threads-max (system-wide limit on the number of threads):
29979


/proc/sys/vm/max_map_count (maximum number of memory map areas a process may have):
65530


/proc/sys/kernel/pid_max (system-wide limit on number of process identifiers):
65536



container (cgroup) information:
container_type: cgroupv1
cpu_cpuset_cpus: 0-3
cpu_memory_nodes: 0
active_processor_count: 4
cpu_quota: -1
cpu_period: 100000
cpu_shares: -1
memory_limit_in_bytes: -1
memory_and_swap_limit_in_bytes: -1
memory_soft_limit_in_bytes: -1
memory_usage_in_bytes: 3512868864
memory_max_usage_in_bytes: 0

VMWare virtualization detected
Steal ticks since vm start: 0
Steal ticks percentage since vm start:  0.000

CPU:total 4 (initial active 4) (1 cores per cpu, 1 threads per core) family 6 model 158 stepping 10, cmov, cx8, fxsr, mmx, sse, sse2, sse3, ssse3, sse4.1, sse4.2, popcnt, avx, aes, clmul, erms, 3dnowpref, tsc, tscinvbit, fma
CPU Model and flags from /proc/cpuinfo:
model name	: Intel(R) Core(TM) i7-9750H CPU @ 2.60GHz
flags		: fpu vme de pse tsc msr pae mce cx8 apic sep mtrr pge mca cmov pat pse36 clflush mmx fxsr sse sse2 ss syscall nx pdpe1gb rdtscp lm constant_tsc arch_perfmon nopl xtopology tsc_reliable nonstop_tsc eagerfpu pni pclmulqdq ssse3 fma cx16 pcid sse4_1 sse4_2 x2apic movbe popcnt aes xsave avx f16c rdrand hypervisor lahf_lm 3dnowprefetch ssbd ibrs ibpb stibp fsgsbase smep arat md_clear spec_ctrl intel_stibp flush_l1d arch_capabilities

Memory: 4k page, physical 3871080k(105356k free), swap 2097148k(0k free)

vm_info: OpenJDK 64-Bit Server VM (11.0.6+8-b765.25) for linux-amd64 JRE (11.0.6+8-b765.25), built on Mar 30 2020 10:07:29 by "" with gcc 8.3.1 20190311 (Red Hat 8.3.1-3)

END.
